\BOOKMARK [0][-]{chapter.1}{\376\377\0001\000\040\000D\000a\000t\000a\000\040\000S\000t\000r\000u\000c\000t\000u\000r\000e\000\040\000I\000n\000d\000e\000x}{}% 1
\BOOKMARK [1][-]{section.1.1}{\376\377\0001\000.\0001\000\040\000D\000a\000t\000a\000\040\000S\000t\000r\000u\000c\000t\000u\000r\000e\000s}{chapter.1}% 2
\BOOKMARK [0][-]{chapter.2}{\376\377\0002\000\040\000F\000i\000l\000e\000\040\000I\000n\000d\000e\000x}{}% 3
\BOOKMARK [1][-]{section.2.1}{\376\377\0002\000.\0001\000\040\000F\000i\000l\000e\000\040\000L\000i\000s\000t}{chapter.2}% 4
\BOOKMARK [0][-]{chapter.3}{\376\377\0003\000\040\000D\000a\000t\000a\000\040\000S\000t\000r\000u\000c\000t\000u\000r\000e\000\040\000D\000o\000c\000u\000m\000e\000n\000t\000a\000t\000i\000o\000n}{}% 5
\BOOKMARK [1][-]{section.3.1}{\376\377\0003\000.\0001\000\040\000d\000a\000t\000e\000\137\000s\000t\000r\000u\000c\000t\000\040\000S\000t\000r\000u\000c\000t\000\040\000R\000e\000f\000e\000r\000e\000n\000c\000e}{chapter.3}% 6
\BOOKMARK [2][-]{subsection.3.1.1}{\376\377\0003\000.\0001\000.\0001\000\040\000D\000e\000t\000a\000i\000l\000e\000d\000\040\000D\000e\000s\000c\000r\000i\000p\000t\000i\000o\000n}{section.3.1}% 7
\BOOKMARK [2][-]{subsection.3.1.2}{\376\377\0003\000.\0001\000.\0002\000\040\000F\000i\000e\000l\000d\000\040\000D\000o\000c\000u\000m\000e\000n\000t\000a\000t\000i\000o\000n}{section.3.1}% 8
\BOOKMARK [3][-]{subsubsection.3.1.2.1}{\376\377\0003\000.\0001\000.\0002\000.\0001\000\040\000d\000a\000y}{subsection.3.1.2}% 9
\BOOKMARK [3][-]{subsubsection.3.1.2.2}{\376\377\0003\000.\0001\000.\0002\000.\0002\000\040\000d\000a\000y\000N\000u\000m\000b\000e\000r}{subsection.3.1.2}% 10
\BOOKMARK [3][-]{subsubsection.3.1.2.3}{\376\377\0003\000.\0001\000.\0002\000.\0003\000\040\000m\000o\000n\000t\000h}{subsection.3.1.2}% 11
\BOOKMARK [3][-]{subsubsection.3.1.2.4}{\376\377\0003\000.\0001\000.\0002\000.\0004\000\040\000y\000e\000a\000r}{subsection.3.1.2}% 12
\BOOKMARK [1][-]{section.3.2}{\376\377\0003\000.\0002\000\040\000M\000o\000u\000s\000e\000I\000n\000f\000o\000\040\000S\000t\000r\000u\000c\000t\000\040\000R\000e\000f\000e\000r\000e\000n\000c\000e}{chapter.3}% 13
\BOOKMARK [2][-]{subsection.3.2.1}{\376\377\0003\000.\0002\000.\0001\000\040\000D\000e\000t\000a\000i\000l\000e\000d\000\040\000D\000e\000s\000c\000r\000i\000p\000t\000i\000o\000n}{section.3.2}% 14
\BOOKMARK [2][-]{subsection.3.2.2}{\376\377\0003\000.\0002\000.\0002\000\040\000F\000i\000e\000l\000d\000\040\000D\000o\000c\000u\000m\000e\000n\000t\000a\000t\000i\000o\000n}{section.3.2}% 15
\BOOKMARK [3][-]{subsubsection.3.2.2.1}{\376\377\0003\000.\0002\000.\0002\000.\0001\000\040\000l\000b}{subsection.3.2.2}% 16
\BOOKMARK [3][-]{subsubsection.3.2.2.2}{\376\377\0003\000.\0002\000.\0002\000.\0002\000\040\000r\000b}{subsection.3.2.2}% 17
\BOOKMARK [3][-]{subsubsection.3.2.2.3}{\376\377\0003\000.\0002\000.\0002\000.\0003\000\040\000x}{subsection.3.2.2}% 18
\BOOKMARK [3][-]{subsubsection.3.2.2.4}{\376\377\0003\000.\0002\000.\0002\000.\0004\000\040\000y}{subsection.3.2.2}% 19
\BOOKMARK [1][-]{section.3.3}{\376\377\0003\000.\0003\000\040\000S\000p\000r\000i\000t\000e\000\040\000S\000t\000r\000u\000c\000t\000\040\000R\000e\000f\000e\000r\000e\000n\000c\000e}{chapter.3}% 20
\BOOKMARK [2][-]{subsection.3.3.1}{\376\377\0003\000.\0003\000.\0001\000\040\000D\000e\000t\000a\000i\000l\000e\000d\000\040\000D\000e\000s\000c\000r\000i\000p\000t\000i\000o\000n}{section.3.3}% 21
\BOOKMARK [2][-]{subsection.3.3.2}{\376\377\0003\000.\0003\000.\0002\000\040\000F\000i\000e\000l\000d\000\040\000D\000o\000c\000u\000m\000e\000n\000t\000a\000t\000i\000o\000n}{section.3.3}% 22
\BOOKMARK [3][-]{subsubsection.3.3.2.1}{\376\377\0003\000.\0003\000.\0002\000.\0001\000\040\000c\000o\000l\000o\000r}{subsection.3.3.2}% 23
\BOOKMARK [3][-]{subsubsection.3.3.2.2}{\376\377\0003\000.\0003\000.\0002\000.\0002\000\040\000c\000o\000l\000o\000r\000s}{subsection.3.3.2}% 24
\BOOKMARK [3][-]{subsubsection.3.3.2.3}{\376\377\0003\000.\0003\000.\0002\000.\0003\000\040\000h\000e\000i\000g\000h\000t}{subsection.3.3.2}% 25
\BOOKMARK [3][-]{subsubsection.3.3.2.4}{\376\377\0003\000.\0003\000.\0002\000.\0004\000\040\000p\000r\000e\000s\000s\000e\000d}{subsection.3.3.2}% 26
\BOOKMARK [3][-]{subsubsection.3.3.2.5}{\376\377\0003\000.\0003\000.\0002\000.\0005\000\040\000w\000i\000d\000t\000h}{subsection.3.3.2}% 27
\BOOKMARK [3][-]{subsubsection.3.3.2.6}{\376\377\0003\000.\0003\000.\0002\000.\0006\000\040\000x}{subsection.3.3.2}% 28
\BOOKMARK [3][-]{subsubsection.3.3.2.7}{\376\377\0003\000.\0003\000.\0002\000.\0007\000\040\000y}{subsection.3.3.2}% 29
\BOOKMARK [1][-]{section.3.4}{\376\377\0003\000.\0004\000\040\000t\000i\000m\000e\000\137\000s\000t\000r\000u\000c\000t\000\040\000S\000t\000r\000u\000c\000t\000\040\000R\000e\000f\000e\000r\000e\000n\000c\000e}{chapter.3}% 30
\BOOKMARK [2][-]{subsection.3.4.1}{\376\377\0003\000.\0004\000.\0001\000\040\000D\000e\000t\000a\000i\000l\000e\000d\000\040\000D\000e\000s\000c\000r\000i\000p\000t\000i\000o\000n}{section.3.4}% 31
\BOOKMARK [2][-]{subsection.3.4.2}{\376\377\0003\000.\0004\000.\0002\000\040\000F\000i\000e\000l\000d\000\040\000D\000o\000c\000u\000m\000e\000n\000t\000a\000t\000i\000o\000n}{section.3.4}% 32
\BOOKMARK [3][-]{subsubsection.3.4.2.1}{\376\377\0003\000.\0004\000.\0002\000.\0001\000\040\000h\000o\000u\000r\000s}{subsection.3.4.2}% 33
\BOOKMARK [3][-]{subsubsection.3.4.2.2}{\376\377\0003\000.\0004\000.\0002\000.\0002\000\040\000m\000i\000n\000u\000t\000e\000s}{subsection.3.4.2}% 34
\BOOKMARK [3][-]{subsubsection.3.4.2.3}{\376\377\0003\000.\0004\000.\0002\000.\0003\000\040\000s\000e\000c\000o\000n\000d\000s}{subsection.3.4.2}% 35
\BOOKMARK [0][-]{chapter.4}{\376\377\0004\000\040\000F\000i\000l\000e\000\040\000D\000o\000c\000u\000m\000e\000n\000t\000a\000t\000i\000o\000n}{}% 36
\BOOKMARK [1][-]{section.4.1}{\376\377\0004\000.\0001\000\040\000/\000h\000o\000m\000e\000/\000n\000e\000v\000e\000s\000/\000r\000e\000p\000s\000/\000L\000C\000O\000M\000/\000s\000h\000a\000r\000e\000d\000/\000p\000r\000o\000j\000/\000s\000r\000c\000/\000c\000o\000n\000f\000i\000g\000.\000h\000\040\000F\000i\000l\000e\000\040\000R\000e\000f\000e\000r\000e\000n\000c\000e}{chapter.4}% 37
\BOOKMARK [2][-]{subsection.4.1.1}{\376\377\0004\000.\0001\000.\0001\000\040\000M\000a\000c\000r\000o\000\040\000D\000e\000f\000i\000n\000i\000t\000i\000o\000n\000\040\000D\000o\000c\000u\000m\000e\000n\000t\000a\000t\000i\000o\000n}{section.4.1}% 38
\BOOKMARK [3][-]{subsubsection.4.1.1.1}{\376\377\0004\000.\0001\000.\0001\000.\0001\000\040\000B\000A\000C\000K\000S\000P\000A\000C\000E\000\137\000K\000E\000Y}{subsection.4.1.1}% 39
\BOOKMARK [3][-]{subsubsection.4.1.1.2}{\376\377\0004\000.\0001\000.\0001\000.\0002\000\040\000B\000L\000A\000C\000K}{subsection.4.1.1}% 40
\BOOKMARK [3][-]{subsubsection.4.1.1.3}{\376\377\0004\000.\0001\000.\0001\000.\0003\000\040\000B\000L\000U\000E}{subsection.4.1.1}% 41
\BOOKMARK [3][-]{subsubsection.4.1.1.4}{\376\377\0004\000.\0001\000.\0001\000.\0004\000\040\000C\000\137\000K\000E\000Y}{subsection.4.1.1}% 42
\BOOKMARK [3][-]{subsubsection.4.1.1.5}{\376\377\0004\000.\0001\000.\0001\000.\0005\000\040\000D\000A\000R\000K\000B\000L\000U\000E}{subsection.4.1.1}% 43
\BOOKMARK [3][-]{subsubsection.4.1.1.6}{\376\377\0004\000.\0001\000.\0001\000.\0006\000\040\000D\000O\000U\000B\000L\000E\000\137\000B\000U\000F\000F\000E\000R}{subsection.4.1.1}% 44
\BOOKMARK [3][-]{subsubsection.4.1.1.7}{\376\377\0004\000.\0001\000.\0001\000.\0007\000\040\000E\000\137\000K\000E\000Y}{subsection.4.1.1}% 45
\BOOKMARK [3][-]{subsubsection.4.1.1.8}{\376\377\0004\000.\0001\000.\0001\000.\0008\000\040\000E\000I\000G\000H\000T\000\137\000K\000E\000Y}{subsection.4.1.1}% 46
\BOOKMARK [3][-]{subsubsection.4.1.1.9}{\376\377\0004\000.\0001\000.\0001\000.\0009\000\040\000F\000I\000V\000E\000\137\000K\000E\000Y}{subsection.4.1.1}% 47
\BOOKMARK [3][-]{subsubsection.4.1.1.10}{\376\377\0004\000.\0001\000.\0001\000.\0001\0000\000\040\000F\000O\000U\000R\000\137\000K\000E\000Y}{subsection.4.1.1}% 48
\BOOKMARK [3][-]{subsubsection.4.1.1.11}{\376\377\0004\000.\0001\000.\0001\000.\0001\0001\000\040\000G\000\137\000K\000E\000Y}{subsection.4.1.1}% 49
\BOOKMARK [3][-]{subsubsection.4.1.1.12}{\376\377\0004\000.\0001\000.\0001\000.\0001\0002\000\040\000G\000A\000M\000E\000\137\000F\000R\000E\000Q\000U\000E\000N\000C\000Y}{subsection.4.1.1}% 50
\BOOKMARK [3][-]{subsubsection.4.1.1.13}{\376\377\0004\000.\0001\000.\0001\000.\0001\0003\000\040\000G\000R\000E\000E\000N}{subsection.4.1.1}% 51
\BOOKMARK [3][-]{subsubsection.4.1.1.14}{\376\377\0004\000.\0001\000.\0001\000.\0001\0004\000\040\000N\000I\000N\000E\000\137\000K\000E\000Y}{subsection.4.1.1}% 52
\BOOKMARK [3][-]{subsubsection.4.1.1.15}{\376\377\0004\000.\0001\000.\0001\000.\0001\0005\000\040\000O\000N\000E\000\137\000K\000E\000Y}{subsection.4.1.1}% 53
\BOOKMARK [3][-]{subsubsection.4.1.1.16}{\376\377\0004\000.\0001\000.\0001\000.\0001\0006\000\040\000O\000R\000A\000N\000G\000E}{subsection.4.1.1}% 54
\BOOKMARK [3][-]{subsubsection.4.1.1.17}{\376\377\0004\000.\0001\000.\0001\000.\0001\0007\000\040\000P\000R\000E\000S\000S\000E\000D}{subsection.4.1.1}% 55
\BOOKMARK [3][-]{subsubsection.4.1.1.18}{\376\377\0004\000.\0001\000.\0001\000.\0001\0008\000\040\000Q\000\137\000K\000E\000Y}{subsection.4.1.1}% 56
\BOOKMARK [3][-]{subsubsection.4.1.1.19}{\376\377\0004\000.\0001\000.\0001\000.\0001\0009\000\040\000R\000E\000D}{subsection.4.1.1}% 57
\BOOKMARK [3][-]{subsubsection.4.1.1.20}{\376\377\0004\000.\0001\000.\0001\000.\0002\0000\000\040\000S\000\137\000K\000E\000Y}{subsection.4.1.1}% 58
\BOOKMARK [3][-]{subsubsection.4.1.1.21}{\376\377\0004\000.\0001\000.\0001\000.\0002\0001\000\040\000S\000E\000V\000E\000N\000\137\000K\000E\000Y}{subsection.4.1.1}% 59
\BOOKMARK [3][-]{subsubsection.4.1.1.22}{\376\377\0004\000.\0001\000.\0001\000.\0002\0002\000\040\000S\000I\000X\000\137\000K\000E\000Y}{subsection.4.1.1}% 60
\BOOKMARK [3][-]{subsubsection.4.1.1.23}{\376\377\0004\000.\0001\000.\0001\000.\0002\0003\000\040\000T\000\137\000K\000E\000Y}{subsection.4.1.1}% 61
\BOOKMARK [3][-]{subsubsection.4.1.1.24}{\376\377\0004\000.\0001\000.\0001\000.\0002\0004\000\040\000T\000H\000R\000E\000E\000\137\000K\000E\000Y}{subsection.4.1.1}% 62
\BOOKMARK [3][-]{subsubsection.4.1.1.25}{\376\377\0004\000.\0001\000.\0001\000.\0002\0005\000\040\000T\000R\000A\000N\000S\000P\000A\000R\000E\000N\000T}{subsection.4.1.1}% 63
\BOOKMARK [3][-]{subsubsection.4.1.1.26}{\376\377\0004\000.\0001\000.\0001\000.\0002\0006\000\040\000T\000W\000O\000\137\000K\000E\000Y}{subsection.4.1.1}% 64
\BOOKMARK [3][-]{subsubsection.4.1.1.27}{\376\377\0004\000.\0001\000.\0001\000.\0002\0007\000\040\000V\000I\000D\000E\000O\000\137\000M\000O\000D\000E}{subsection.4.1.1}% 65
\BOOKMARK [3][-]{subsubsection.4.1.1.28}{\376\377\0004\000.\0001\000.\0001\000.\0002\0008\000\040\000W\000H\000I\000T\000E}{subsection.4.1.1}% 66
\BOOKMARK [3][-]{subsubsection.4.1.1.29}{\376\377\0004\000.\0001\000.\0001\000.\0002\0009\000\040\000Y\000E\000L\000L\000O\000W}{subsection.4.1.1}% 67
\BOOKMARK [3][-]{subsubsection.4.1.1.30}{\376\377\0004\000.\0001\000.\0001\000.\0003\0000\000\040\000Z\000E\000R\000O\000\137\000K\000E\000Y}{subsection.4.1.1}% 68
\BOOKMARK [1][-]{section.4.2}{\376\377\0004\000.\0002\000\040\000/\000h\000o\000m\000e\000/\000n\000e\000v\000e\000s\000/\000r\000e\000p\000s\000/\000L\000C\000O\000M\000/\000s\000h\000a\000r\000e\000d\000/\000p\000r\000o\000j\000/\000s\000r\000c\000/\000c\000o\000n\000t\000r\000o\000l\000l\000e\000r\000/\000K\000B\000C\000.\000c\000\040\000F\000i\000l\000e\000\040\000R\000e\000f\000e\000r\000e\000n\000c\000e}{chapter.4}% 69
\BOOKMARK [2][-]{subsection.4.2.1}{\376\377\0004\000.\0002\000.\0001\000\040\000F\000u\000n\000c\000t\000i\000o\000n\000\040\000D\000o\000c\000u\000m\000e\000n\000t\000a\000t\000i\000o\000n}{section.4.2}% 70
\BOOKMARK [3][-]{subsubsection.4.2.1.1}{\376\377\0004\000.\0002\000.\0001\000.\0001\000\040\000r\000e\000a\000d\000\137\000K\000B\000C\000\137\000o\000u\000t\000p\000u\000t\000\050\000\051}{subsection.4.2.1}% 71
\BOOKMARK [3][-]{subsubsection.4.2.1.2}{\376\377\0004\000.\0002\000.\0001\000.\0002\000\040\000w\000r\000i\000t\000e\000\137\000t\000o\000\137\000K\000B\000C\000\050\000\051}{subsection.4.2.1}% 72
\BOOKMARK [1][-]{section.4.3}{\376\377\0004\000.\0003\000\040\000/\000h\000o\000m\000e\000/\000n\000e\000v\000e\000s\000/\000r\000e\000p\000s\000/\000L\000C\000O\000M\000/\000s\000h\000a\000r\000e\000d\000/\000p\000r\000o\000j\000/\000s\000r\000c\000/\000c\000o\000n\000t\000r\000o\000l\000l\000e\000r\000/\000K\000B\000C\000.\000h\000\040\000F\000i\000l\000e\000\040\000R\000e\000f\000e\000r\000e\000n\000c\000e}{chapter.4}% 73
\BOOKMARK [2][-]{subsection.4.3.1}{\376\377\0004\000.\0003\000.\0001\000\040\000M\000a\000c\000r\000o\000\040\000D\000e\000f\000i\000n\000i\000t\000i\000o\000n\000\040\000D\000o\000c\000u\000m\000e\000n\000t\000a\000t\000i\000o\000n}{section.4.3}% 74
\BOOKMARK [3][-]{subsubsection.4.3.1.1}{\376\377\0004\000.\0003\000.\0001\000.\0001\000\040\000B\000R\000E\000A\000K\000\137\000C\000O\000D\000E\000\137\000B\000I\000T}{subsection.4.3.1}% 75
\BOOKMARK [3][-]{subsubsection.4.3.1.2}{\376\377\0004\000.\0003\000.\0001\000.\0002\000\040\000E\000S\000C\000\137\000B\000R\000E\000A\000K\000C\000O\000D\000E}{subsection.4.3.1}% 76
\BOOKMARK [3][-]{subsubsection.4.3.1.3}{\376\377\0004\000.\0003\000.\0001\000.\0003\000\040\000F\000I\000R\000S\000T\000\137\000B\000Y\000T\000E}{subsection.4.3.1}% 77
\BOOKMARK [3][-]{subsubsection.4.3.1.4}{\376\377\0004\000.\0003\000.\0001\000.\0004\000\040\000F\000U\000L\000L\000\137\000I\000N\000\137\000B\000U\000F}{subsection.4.3.1}% 78
\BOOKMARK [3][-]{subsubsection.4.3.1.5}{\376\377\0004\000.\0003\000.\0001\000.\0005\000\040\000F\000U\000L\000L\000\137\000O\000U\000T\000\137\000B\000U\000F}{subsection.4.3.1}% 79
\BOOKMARK [3][-]{subsubsection.4.3.1.6}{\376\377\0004\000.\0003\000.\0001\000.\0006\000\040\000K\000B\000\137\000D\000E\000L\000A\000Y}{subsection.4.3.1}% 80
\BOOKMARK [3][-]{subsubsection.4.3.1.7}{\376\377\0004\000.\0003\000.\0001\000.\0007\000\040\000K\000B\000\137\000I\000R\000Q}{subsection.4.3.1}% 81
\BOOKMARK [3][-]{subsubsection.4.3.1.8}{\376\377\0004\000.\0003\000.\0001\000.\0008\000\040\000K\000B\000\137\000M\000A\000S\000K}{subsection.4.3.1}% 82
\BOOKMARK [3][-]{subsubsection.4.3.1.9}{\376\377\0004\000.\0003\000.\0001\000.\0009\000\040\000K\000B\000C\000\137\000I\000N\000\137\000B\000U\000F}{subsection.4.3.1}% 83
\BOOKMARK [3][-]{subsubsection.4.3.1.10}{\376\377\0004\000.\0003\000.\0001\000.\0001\0000\000\040\000K\000B\000C\000\137\000I\000N\000\137\000B\000U\000F\000\137\000A\000R\000G}{subsection.4.3.1}% 84
\BOOKMARK [3][-]{subsubsection.4.3.1.11}{\376\377\0004\000.\0003\000.\0001\000.\0001\0001\000\040\000K\000B\000C\000\137\000K\000B\000\137\000I\000N\000T}{subsection.4.3.1}% 85
\BOOKMARK [3][-]{subsubsection.4.3.1.12}{\376\377\0004\000.\0003\000.\0001\000.\0001\0002\000\040\000K\000B\000C\000\137\000M\000O\000U\000S\000E\000\137\000I\000N\000T}{subsection.4.3.1}% 86
\BOOKMARK [3][-]{subsubsection.4.3.1.13}{\376\377\0004\000.\0003\000.\0001\000.\0001\0003\000\040\000K\000B\000C\000\137\000O\000U\000T\000\137\000B\000U\000F}{subsection.4.3.1}% 87
\BOOKMARK [3][-]{subsubsection.4.3.1.14}{\376\377\0004\000.\0003\000.\0001\000.\0001\0004\000\040\000K\000B\000C\000\137\000R\000E\000A\000D\000\137\000C\000M\000D}{subsection.4.3.1}% 88
\BOOKMARK [3][-]{subsubsection.4.3.1.15}{\376\377\0004\000.\0003\000.\0001\000.\0001\0005\000\040\000K\000B\000C\000\137\000S\000T\000A\000T\000U\000S\000\137\000R\000E\000G}{subsection.4.3.1}% 89
\BOOKMARK [3][-]{subsubsection.4.3.1.16}{\376\377\0004\000.\0003\000.\0001\000.\0001\0006\000\040\000K\000B\000C\000\137\000W\000R\000I\000T\000E\000\137\000C\000M\000D}{subsection.4.3.1}% 90
\BOOKMARK [3][-]{subsubsection.4.3.1.17}{\376\377\0004\000.\0003\000.\0001\000.\0001\0007\000\040\000K\000B\000C\000\137\000W\000R\000I\000T\000E\000\137\000M\000O\000U\000S\000E}{subsection.4.3.1}% 91
\BOOKMARK [3][-]{subsubsection.4.3.1.18}{\376\377\0004\000.\0003\000.\0001\000.\0001\0008\000\040\000M\000A\000X\000\137\000A\000T\000T\000E\000M\000P\000T\000S}{subsection.4.3.1}% 92
\BOOKMARK [3][-]{subsubsection.4.3.1.19}{\376\377\0004\000.\0003\000.\0001\000.\0001\0009\000\040\000M\000O\000U\000S\000E\000\137\000A\000C\000K}{subsection.4.3.1}% 93
\BOOKMARK [3][-]{subsubsection.4.3.1.20}{\376\377\0004\000.\0003\000.\0001\000.\0002\0000\000\040\000M\000O\000U\000S\000E\000\137\000D\000A\000T\000A\000\137\000B\000I\000T}{subsection.4.3.1}% 94
\BOOKMARK [3][-]{subsubsection.4.3.1.21}{\376\377\0004\000.\0003\000.\0001\000.\0002\0001\000\040\000M\000O\000U\000S\000E\000\137\000D\000A\000T\000A\000\137\000R\000E\000P\000O\000R\000T\000\137\000D\000I\000S\000A\000B\000L\000E}{subsection.4.3.1}% 95
\BOOKMARK [3][-]{subsubsection.4.3.1.22}{\376\377\0004\000.\0003\000.\0001\000.\0002\0002\000\040\000M\000O\000U\000S\000E\000\137\000D\000A\000T\000A\000\137\000R\000E\000P\000O\000R\000T\000\137\000E\000N\000A\000B\000L\000E}{subsection.4.3.1}% 96
\BOOKMARK [3][-]{subsubsection.4.3.1.23}{\376\377\0004\000.\0003\000.\0001\000.\0002\0003\000\040\000M\000O\000U\000S\000E\000\137\000D\000A\000T\000A\000\137\000S\000T\000R\000E\000A\000M\000\137\000M\000O\000D\000E}{subsection.4.3.1}% 97
\BOOKMARK [3][-]{subsubsection.4.3.1.24}{\376\377\0004\000.\0003\000.\0001\000.\0002\0004\000\040\000M\000O\000U\000S\000E\000\137\000I\000R\000Q}{subsection.4.3.1}% 98
\BOOKMARK [3][-]{subsubsection.4.3.1.25}{\376\377\0004\000.\0003\000.\0001\000.\0002\0005\000\040\000M\000O\000U\000S\000E\000\137\000L\000B}{subsection.4.3.1}% 99
\BOOKMARK [3][-]{subsubsection.4.3.1.26}{\376\377\0004\000.\0003\000.\0001\000.\0002\0006\000\040\000M\000O\000U\000S\000E\000\137\000M\000A\000S\000K}{subsection.4.3.1}% 100
\BOOKMARK [3][-]{subsubsection.4.3.1.27}{\376\377\0004\000.\0003\000.\0001\000.\0002\0007\000\040\000M\000O\000U\000S\000E\000\137\000M\000B}{subsection.4.3.1}% 101
\BOOKMARK [3][-]{subsubsection.4.3.1.28}{\376\377\0004\000.\0003\000.\0001\000.\0002\0008\000\040\000M\000O\000U\000S\000E\000\137\000N\000A\000C\000K}{subsection.4.3.1}% 102
\BOOKMARK [3][-]{subsubsection.4.3.1.29}{\376\377\0004\000.\0003\000.\0001\000.\0002\0009\000\040\000M\000O\000U\000S\000E\000\137\000O\000V\000E\000R\000F\000L\000O\000W\000\137\000X}{subsection.4.3.1}% 103
\BOOKMARK [3][-]{subsubsection.4.3.1.30}{\376\377\0004\000.\0003\000.\0001\000.\0003\0000\000\040\000M\000O\000U\000S\000E\000\137\000O\000V\000E\000R\000F\000L\000O\000W\000\137\000Y}{subsection.4.3.1}% 104
\BOOKMARK [3][-]{subsubsection.4.3.1.31}{\376\377\0004\000.\0003\000.\0001\000.\0003\0001\000\040\000M\000O\000U\000S\000E\000\137\000R\000B}{subsection.4.3.1}% 105
\BOOKMARK [3][-]{subsubsection.4.3.1.32}{\376\377\0004\000.\0003\000.\0001\000.\0003\0002\000\040\000M\000O\000U\000S\000E\000\137\000S\000I\000G\000N\000A\000L\000\137\000X}{subsection.4.3.1}% 106
\BOOKMARK [3][-]{subsubsection.4.3.1.33}{\376\377\0004\000.\0003\000.\0001\000.\0003\0003\000\040\000M\000O\000U\000S\000E\000\137\000S\000I\000G\000N\000A\000L\000\137\000Y}{subsection.4.3.1}% 107
\BOOKMARK [3][-]{subsubsection.4.3.1.34}{\376\377\0004\000.\0003\000.\0001\000.\0003\0004\000\040\000P\000A\000R\000I\000T\000Y\000\137\000E\000R\000R\000O\000R}{subsection.4.3.1}% 108
\BOOKMARK [3][-]{subsubsection.4.3.1.35}{\376\377\0004\000.\0003\000.\0001\000.\0003\0005\000\040\000T\000I\000M\000E\000O\000U\000T\000\137\000E\000R\000R\000O\000R}{subsection.4.3.1}% 109
\BOOKMARK [2][-]{subsection.4.3.2}{\376\377\0004\000.\0003\000.\0002\000\040\000F\000u\000n\000c\000t\000i\000o\000n\000\040\000D\000o\000c\000u\000m\000e\000n\000t\000a\000t\000i\000o\000n}{section.4.3}% 110
\BOOKMARK [3][-]{subsubsection.4.3.2.1}{\376\377\0004\000.\0003\000.\0002\000.\0001\000\040\000r\000e\000a\000d\000\137\000K\000B\000C\000\137\000o\000u\000t\000p\000u\000t\000\050\000\051}{subsection.4.3.2}% 111
\BOOKMARK [3][-]{subsubsection.4.3.2.2}{\376\377\0004\000.\0003\000.\0002\000.\0002\000\040\000w\000r\000i\000t\000e\000\137\000t\000o\000\137\000K\000B\000C\000\050\000\051}{subsection.4.3.2}% 112
\BOOKMARK [1][-]{section.4.4}{\376\377\0004\000.\0004\000\040\000/\000h\000o\000m\000e\000/\000n\000e\000v\000e\000s\000/\000r\000e\000p\000s\000/\000L\000C\000O\000M\000/\000s\000h\000a\000r\000e\000d\000/\000p\000r\000o\000j\000/\000s\000r\000c\000/\000c\000o\000n\000t\000r\000o\000l\000l\000e\000r\000/\000k\000e\000y\000b\000o\000a\000r\000d\000/\000k\000e\000y\000b\000o\000a\000r\000d\000.\000c\000\040\000F\000i\000l\000e\000\040\000R\000e\000f\000e\000r\000e\000n\000c\000e}{chapter.4}% 113
\BOOKMARK [2][-]{subsection.4.4.1}{\376\377\0004\000.\0004\000.\0001\000\040\000F\000u\000n\000c\000t\000i\000o\000n\000\040\000D\000o\000c\000u\000m\000e\000n\000t\000a\000t\000i\000o\000n}{section.4.4}% 114
\BOOKMARK [3][-]{subsubsection.4.4.1.1}{\376\377\0004\000.\0004\000.\0001\000.\0001\000\040\000k\000b\000c\000\137\000i\000h\000\050\000\051}{subsection.4.4.1}% 115
\BOOKMARK [3][-]{subsubsection.4.4.1.2}{\376\377\0004\000.\0004\000.\0001\000.\0002\000\040\000k\000e\000y\000b\000o\000a\000r\000d\000\137\000s\000u\000b\000s\000c\000r\000i\000b\000e\000\137\000i\000n\000t\000\050\000\051}{subsection.4.4.1}% 116
\BOOKMARK [3][-]{subsubsection.4.4.1.3}{\376\377\0004\000.\0004\000.\0001\000.\0003\000\040\000k\000e\000y\000b\000o\000a\000r\000d\000\137\000u\000n\000s\000u\000b\000s\000c\000r\000i\000b\000e\000\137\000i\000n\000t\000\050\000\051}{subsection.4.4.1}% 117
\BOOKMARK [2][-]{subsection.4.4.2}{\376\377\0004\000.\0004\000.\0002\000\040\000V\000a\000r\000i\000a\000b\000l\000e\000\040\000D\000o\000c\000u\000m\000e\000n\000t\000a\000t\000i\000o\000n}{section.4.4}% 118
\BOOKMARK [3][-]{subsubsection.4.4.2.1}{\376\377\0004\000.\0004\000.\0002\000.\0001\000\040\000k\000b\000\137\000h\000o\000o\000k\000\137\000i\000d}{subsection.4.4.2}% 119
\BOOKMARK [3][-]{subsubsection.4.4.2.2}{\376\377\0004\000.\0004\000.\0002\000.\0002\000\040\000s\000c\000a\000n\000c\000o\000d\000e}{subsection.4.4.2}% 120
\BOOKMARK [1][-]{section.4.5}{\376\377\0004\000.\0005\000\040\000/\000h\000o\000m\000e\000/\000n\000e\000v\000e\000s\000/\000r\000e\000p\000s\000/\000L\000C\000O\000M\000/\000s\000h\000a\000r\000e\000d\000/\000p\000r\000o\000j\000/\000s\000r\000c\000/\000c\000o\000n\000t\000r\000o\000l\000l\000e\000r\000/\000k\000e\000y\000b\000o\000a\000r\000d\000/\000k\000e\000y\000b\000o\000a\000r\000d\000.\000h\000\040\000F\000i\000l\000e\000\040\000R\000e\000f\000e\000r\000e\000n\000c\000e}{chapter.4}% 121
\BOOKMARK [2][-]{subsection.4.5.1}{\376\377\0004\000.\0005\000.\0001\000\040\000F\000u\000n\000c\000t\000i\000o\000n\000\040\000D\000o\000c\000u\000m\000e\000n\000t\000a\000t\000i\000o\000n}{section.4.5}% 122
\BOOKMARK [3][-]{subsubsection.4.5.1.1}{\376\377\0004\000.\0005\000.\0001\000.\0001\000\040\000k\000b\000c\000\137\000i\000h\000\050\000\051}{subsection.4.5.1}% 123
\BOOKMARK [3][-]{subsubsection.4.5.1.2}{\376\377\0004\000.\0005\000.\0001\000.\0002\000\040\000k\000e\000y\000b\000o\000a\000r\000d\000\137\000s\000u\000b\000s\000c\000r\000i\000b\000e\000\137\000i\000n\000t\000\050\000\051}{subsection.4.5.1}% 124
\BOOKMARK [3][-]{subsubsection.4.5.1.3}{\376\377\0004\000.\0005\000.\0001\000.\0003\000\040\000k\000e\000y\000b\000o\000a\000r\000d\000\137\000u\000n\000s\000u\000b\000s\000c\000r\000i\000b\000e\000\137\000i\000n\000t\000\050\000\051}{subsection.4.5.1}% 125
\BOOKMARK [1][-]{section.4.6}{\376\377\0004\000.\0006\000\040\000/\000h\000o\000m\000e\000/\000n\000e\000v\000e\000s\000/\000r\000e\000p\000s\000/\000L\000C\000O\000M\000/\000s\000h\000a\000r\000e\000d\000/\000p\000r\000o\000j\000/\000s\000r\000c\000/\000c\000o\000n\000t\000r\000o\000l\000l\000e\000r\000/\000m\000o\000u\000s\000e\000/\000m\000o\000u\000s\000e\000.\000c\000\040\000F\000i\000l\000e\000\040\000R\000e\000f\000e\000r\000e\000n\000c\000e}{chapter.4}% 126
\BOOKMARK [2][-]{subsection.4.6.1}{\376\377\0004\000.\0006\000.\0001\000\040\000F\000u\000n\000c\000t\000i\000o\000n\000\040\000D\000o\000c\000u\000m\000e\000n\000t\000a\000t\000i\000o\000n}{section.4.6}% 127
\BOOKMARK [3][-]{subsubsection.4.6.1.1}{\376\377\0004\000.\0006\000.\0001\000.\0001\000\040\000m\000o\000u\000s\000e\000\137\000i\000h\000\050\000\051}{subsection.4.6.1}% 128
\BOOKMARK [3][-]{subsubsection.4.6.1.2}{\376\377\0004\000.\0006\000.\0001\000.\0002\000\040\000m\000o\000u\000s\000e\000\137\000s\000u\000b\000s\000c\000r\000i\000b\000e\000\137\000i\000n\000t\000\050\000\051}{subsection.4.6.1}% 129
\BOOKMARK [3][-]{subsubsection.4.6.1.3}{\376\377\0004\000.\0006\000.\0001\000.\0003\000\040\000m\000o\000u\000s\000e\000\137\000s\000y\000n\000c\000\050\000\051}{subsection.4.6.1}% 130
\BOOKMARK [3][-]{subsubsection.4.6.1.4}{\376\377\0004\000.\0006\000.\0001\000.\0004\000\040\000m\000o\000u\000s\000e\000\137\000u\000n\000s\000u\000b\000s\000c\000r\000i\000b\000e\000\137\000i\000n\000t\000\050\000\051}{subsection.4.6.1}% 131
\BOOKMARK [3][-]{subsubsection.4.6.1.5}{\376\377\0004\000.\0006\000.\0001\000.\0005\000\040\000m\000o\000u\000s\000e\000\137\000w\000r\000i\000t\000e\000\137\000c\000o\000m\000m\000a\000n\000d\000\050\000\051}{subsection.4.6.1}% 132
\BOOKMARK [3][-]{subsubsection.4.6.1.6}{\376\377\0004\000.\0006\000.\0001\000.\0006\000\040\000u\000p\000d\000a\000t\000e\000\137\000m\000o\000u\000s\000e\000\137\000i\000n\000f\000o\000\050\000\051}{subsection.4.6.1}% 133
\BOOKMARK [2][-]{subsection.4.6.2}{\376\377\0004\000.\0006\000.\0002\000\040\000V\000a\000r\000i\000a\000b\000l\000e\000\040\000D\000o\000c\000u\000m\000e\000n\000t\000a\000t\000i\000o\000n}{section.4.6}% 134
\BOOKMARK [3][-]{subsubsection.4.6.2.1}{\376\377\0004\000.\0006\000.\0002\000.\0001\000\040\000b\000y\000t\000e\000\137\000i\000n\000d\000e\000x}{subsection.4.6.2}% 135
\BOOKMARK [3][-]{subsubsection.4.6.2.2}{\376\377\0004\000.\0006\000.\0002\000.\0002\000\040\000m\000o\000u\000s\000e\000\137\000b\000y\000t\000e}{subsection.4.6.2}% 136
\BOOKMARK [3][-]{subsubsection.4.6.2.3}{\376\377\0004\000.\0006\000.\0002\000.\0003\000\040\000m\000o\000u\000s\000e\000\137\000d\000a\000t\000a}{subsection.4.6.2}% 137
\BOOKMARK [3][-]{subsubsection.4.6.2.4}{\376\377\0004\000.\0006\000.\0002\000.\0004\000\040\000m\000o\000u\000s\000e\000\137\000h\000o\000o\000k\000\137\000i\000d}{subsection.4.6.2}% 138
\BOOKMARK [3][-]{subsubsection.4.6.2.5}{\376\377\0004\000.\0006\000.\0002\000.\0005\000\040\000m\000o\000u\000s\000e\000\137\000i\000n\000f\000o}{subsection.4.6.2}% 139
\BOOKMARK [3][-]{subsubsection.4.6.2.6}{\376\377\0004\000.\0006\000.\0002\000.\0006\000\040\000v\000b\000e\000\137\000i\000n\000f\000o}{subsection.4.6.2}% 140
\BOOKMARK [1][-]{section.4.7}{\376\377\0004\000.\0007\000\040\000/\000h\000o\000m\000e\000/\000n\000e\000v\000e\000s\000/\000r\000e\000p\000s\000/\000L\000C\000O\000M\000/\000s\000h\000a\000r\000e\000d\000/\000p\000r\000o\000j\000/\000s\000r\000c\000/\000c\000o\000n\000t\000r\000o\000l\000l\000e\000r\000/\000m\000o\000u\000s\000e\000/\000m\000o\000u\000s\000e\000.\000h\000\040\000F\000i\000l\000e\000\040\000R\000e\000f\000e\000r\000e\000n\000c\000e}{chapter.4}% 141
\BOOKMARK [2][-]{subsection.4.7.1}{\376\377\0004\000.\0007\000.\0001\000\040\000F\000u\000n\000c\000t\000i\000o\000n\000\040\000D\000o\000c\000u\000m\000e\000n\000t\000a\000t\000i\000o\000n}{section.4.7}% 142
\BOOKMARK [3][-]{subsubsection.4.7.1.1}{\376\377\0004\000.\0007\000.\0001\000.\0001\000\040\000m\000o\000u\000s\000e\000\137\000i\000h\000\050\000\051}{subsection.4.7.1}% 143
\BOOKMARK [3][-]{subsubsection.4.7.1.2}{\376\377\0004\000.\0007\000.\0001\000.\0002\000\040\000m\000o\000u\000s\000e\000\137\000s\000u\000b\000s\000c\000r\000i\000b\000e\000\137\000i\000n\000t\000\050\000\051}{subsection.4.7.1}% 144
\BOOKMARK [3][-]{subsubsection.4.7.1.3}{\376\377\0004\000.\0007\000.\0001\000.\0003\000\040\000m\000o\000u\000s\000e\000\137\000s\000y\000n\000c\000\050\000\051}{subsection.4.7.1}% 145
\BOOKMARK [3][-]{subsubsection.4.7.1.4}{\376\377\0004\000.\0007\000.\0001\000.\0004\000\040\000m\000o\000u\000s\000e\000\137\000u\000n\000s\000u\000b\000s\000c\000r\000i\000b\000e\000\137\000i\000n\000t\000\050\000\051}{subsection.4.7.1}% 146
\BOOKMARK [3][-]{subsubsection.4.7.1.5}{\376\377\0004\000.\0007\000.\0001\000.\0005\000\040\000m\000o\000u\000s\000e\000\137\000w\000r\000i\000t\000e\000\137\000c\000o\000m\000m\000a\000n\000d\000\050\000\051}{subsection.4.7.1}% 147
\BOOKMARK [3][-]{subsubsection.4.7.1.6}{\376\377\0004\000.\0007\000.\0001\000.\0006\000\040\000u\000p\000d\000a\000t\000e\000\137\000m\000o\000u\000s\000e\000\137\000i\000n\000f\000o\000\050\000\051}{subsection.4.7.1}% 148
\BOOKMARK [1][-]{section.4.8}{\376\377\0004\000.\0008\000\040\000/\000h\000o\000m\000e\000/\000n\000e\000v\000e\000s\000/\000r\000e\000p\000s\000/\000L\000C\000O\000M\000/\000s\000h\000a\000r\000e\000d\000/\000p\000r\000o\000j\000/\000s\000r\000c\000/\000c\000o\000n\000t\000r\000o\000l\000l\000e\000r\000/\000r\000t\000c\000/\000r\000t\000c\000.\000c\000\040\000F\000i\000l\000e\000\040\000R\000e\000f\000e\000r\000e\000n\000c\000e}{chapter.4}% 149
\BOOKMARK [2][-]{subsection.4.8.1}{\376\377\0004\000.\0008\000.\0001\000\040\000F\000u\000n\000c\000t\000i\000o\000n\000\040\000D\000o\000c\000u\000m\000e\000n\000t\000a\000t\000i\000o\000n}{section.4.8}% 150
\BOOKMARK [3][-]{subsubsection.4.8.1.1}{\376\377\0004\000.\0008\000.\0001\000.\0001\000\040\000b\000c\000d\000\137\000t\000o\000\137\000b\000i\000n\000\050\000\051}{subsection.4.8.1}% 151
\BOOKMARK [3][-]{subsubsection.4.8.1.2}{\376\377\0004\000.\0008\000.\0001\000.\0002\000\040\000b\000i\000n\000\137\000t\000o\000\137\000b\000c\000d\000\050\000\051}{subsection.4.8.1}% 152
\BOOKMARK [3][-]{subsubsection.4.8.1.3}{\376\377\0004\000.\0008\000.\0001\000.\0003\000\040\000c\000o\000n\000v\000e\000r\000t\000\137\000t\000o\000\137\0002\0004\000h\000\050\000\051}{subsection.4.8.1}% 153
\BOOKMARK [3][-]{subsubsection.4.8.1.4}{\376\377\0004\000.\0008\000.\0001\000.\0004\000\040\000r\000t\000c\000\137\000d\000i\000s\000a\000b\000l\000e\000\137\000a\000l\000a\000r\000m\000\050\000\051}{subsection.4.8.1}% 154
\BOOKMARK [3][-]{subsubsection.4.8.1.5}{\376\377\0004\000.\0008\000.\0001\000.\0005\000\040\000r\000t\000c\000\137\000i\000h\000\050\000\051}{subsection.4.8.1}% 155
\BOOKMARK [3][-]{subsubsection.4.8.1.6}{\376\377\0004\000.\0008\000.\0001\000.\0006\000\040\000r\000t\000c\000\137\000r\000e\000a\000d\000\050\000\051}{subsection.4.8.1}% 156
\BOOKMARK [3][-]{subsubsection.4.8.1.7}{\376\377\0004\000.\0008\000.\0001\000.\0007\000\040\000r\000t\000c\000\137\000s\000e\000t\000\137\000a\000l\000a\000r\000m\000\050\000\051}{subsection.4.8.1}% 157
\BOOKMARK [3][-]{subsubsection.4.8.1.8}{\376\377\0004\000.\0008\000.\0001\000.\0008\000\040\000r\000t\000c\000\137\000s\000t\000a\000r\000t\000\050\000\051}{subsection.4.8.1}% 158
\BOOKMARK [3][-]{subsubsection.4.8.1.9}{\376\377\0004\000.\0008\000.\0001\000.\0009\000\040\000r\000t\000c\000\137\000s\000t\000o\000p\000\050\000\051}{subsection.4.8.1}% 159
\BOOKMARK [3][-]{subsubsection.4.8.1.10}{\376\377\0004\000.\0008\000.\0001\000.\0001\0000\000\040\000r\000t\000c\000\137\000s\000u\000b\000s\000c\000r\000i\000b\000e\000\137\000i\000n\000t\000\050\000\051}{subsection.4.8.1}% 160
\BOOKMARK [3][-]{subsubsection.4.8.1.11}{\376\377\0004\000.\0008\000.\0001\000.\0001\0001\000\040\000r\000t\000c\000\137\000u\000n\000s\000u\000b\000s\000c\000r\000i\000b\000e\000\137\000i\000n\000t\000\050\000\051}{subsection.4.8.1}% 161
\BOOKMARK [3][-]{subsubsection.4.8.1.12}{\376\377\0004\000.\0008\000.\0001\000.\0001\0002\000\040\000r\000t\000c\000\137\000u\000p\000d\000a\000t\000e\000\050\000\051}{subsection.4.8.1}% 162
\BOOKMARK [3][-]{subsubsection.4.8.1.13}{\376\377\0004\000.\0008\000.\0001\000.\0001\0003\000\040\000r\000t\000c\000\137\000w\000r\000i\000t\000e\000\050\000\051}{subsection.4.8.1}% 163
\BOOKMARK [2][-]{subsection.4.8.2}{\376\377\0004\000.\0008\000.\0002\000\040\000V\000a\000r\000i\000a\000b\000l\000e\000\040\000D\000o\000c\000u\000m\000e\000n\000t\000a\000t\000i\000o\000n}{section.4.8}% 164
\BOOKMARK [3][-]{subsubsection.4.8.2.1}{\376\377\0004\000.\0008\000.\0002\000.\0001\000\040\000r\000t\000c\000\137\000d\000a\000t\000e}{subsection.4.8.2}% 165
\BOOKMARK [3][-]{subsubsection.4.8.2.2}{\376\377\0004\000.\0008\000.\0002\000.\0002\000\040\000r\000t\000c\000\137\000h\000o\000o\000k\000\137\000i\000d}{subsection.4.8.2}% 166
\BOOKMARK [3][-]{subsubsection.4.8.2.3}{\376\377\0004\000.\0008\000.\0002\000.\0003\000\040\000r\000t\000c\000\137\000i\000n\000t\000\137\000c\000a\000u\000s\000e}{subsection.4.8.2}% 167
\BOOKMARK [3][-]{subsubsection.4.8.2.4}{\376\377\0004\000.\0008\000.\0002\000.\0004\000\040\000r\000t\000c\000\137\000m\000o\000d\000e}{subsection.4.8.2}% 168
\BOOKMARK [3][-]{subsubsection.4.8.2.5}{\376\377\0004\000.\0008\000.\0002\000.\0005\000\040\000r\000t\000c\000\137\000o\000r\000i\000g\000i\000n\000a\000l\000\137\000c\000o\000n\000f\000i\000g}{subsection.4.8.2}% 169
\BOOKMARK [3][-]{subsubsection.4.8.2.6}{\376\377\0004\000.\0008\000.\0002\000.\0006\000\040\000r\000t\000c\000\137\000t\000i\000m\000e}{subsection.4.8.2}% 170
\BOOKMARK [3][-]{subsubsection.4.8.2.7}{\376\377\0004\000.\0008\000.\0002\000.\0007\000\040\000r\000t\000c\000\137\000t\000i\000m\000e\000\137\000f\000o\000r\000m\000a\000t}{subsection.4.8.2}% 171
\BOOKMARK [1][-]{section.4.9}{\376\377\0004\000.\0009\000\040\000/\000h\000o\000m\000e\000/\000n\000e\000v\000e\000s\000/\000r\000e\000p\000s\000/\000L\000C\000O\000M\000/\000s\000h\000a\000r\000e\000d\000/\000p\000r\000o\000j\000/\000s\000r\000c\000/\000c\000o\000n\000t\000r\000o\000l\000l\000e\000r\000/\000r\000t\000c\000/\000r\000t\000c\000.\000h\000\040\000F\000i\000l\000e\000\040\000R\000e\000f\000e\000r\000e\000n\000c\000e}{chapter.4}% 172
\BOOKMARK [2][-]{subsection.4.9.1}{\376\377\0004\000.\0009\000.\0001\000\040\000M\000a\000c\000r\000o\000\040\000D\000e\000f\000i\000n\000i\000t\000i\000o\000n\000\040\000D\000o\000c\000u\000m\000e\000n\000t\000a\000t\000i\000o\000n}{section.4.9}% 173
\BOOKMARK [3][-]{subsubsection.4.9.1.1}{\376\377\0004\000.\0009\000.\0001\000.\0001\000\040\000R\000T\000C\000\137\0002\0004\000H\000R}{subsection.4.9.1}% 174
\BOOKMARK [3][-]{subsubsection.4.9.1.2}{\376\377\0004\000.\0009\000.\0001\000.\0002\000\040\000R\000T\000C\000\137\000A\000D\000D\000R\000\137\000R\000E\000G}{subsection.4.9.1}% 175
\BOOKMARK [3][-]{subsubsection.4.9.1.3}{\376\377\0004\000.\0009\000.\0001\000.\0003\000\040\000R\000T\000C\000\137\000A\000F}{subsection.4.9.1}% 176
\BOOKMARK [3][-]{subsubsection.4.9.1.4}{\376\377\0004\000.\0009\000.\0001\000.\0004\000\040\000R\000T\000C\000\137\000A\000I\000E}{subsection.4.9.1}% 177
\BOOKMARK [3][-]{subsubsection.4.9.1.5}{\376\377\0004\000.\0009\000.\0001\000.\0005\000\040\000R\000T\000C\000\137\000D\000A\000T\000A\000\137\000R\000E\000G}{subsection.4.9.1}% 178
\BOOKMARK [3][-]{subsubsection.4.9.1.6}{\376\377\0004\000.\0009\000.\0001\000.\0006\000\040\000R\000T\000C\000\137\000D\000A\000Y\000\137\000O\000F\000\137\000M\000O\000N\000T\000H}{subsection.4.9.1}% 179
\BOOKMARK [3][-]{subsubsection.4.9.1.7}{\376\377\0004\000.\0009\000.\0001\000.\0007\000\040\000R\000T\000C\000\137\000D\000A\000Y\000\137\000O\000F\000\137\000W\000E\000E\000K}{subsection.4.9.1}% 180
\BOOKMARK [3][-]{subsubsection.4.9.1.8}{\376\377\0004\000.\0009\000.\0001\000.\0008\000\040\000R\000T\000C\000\137\000D\000E\000L\000A\000Y}{subsection.4.9.1}% 181
\BOOKMARK [3][-]{subsubsection.4.9.1.9}{\376\377\0004\000.\0009\000.\0001\000.\0009\000\040\000R\000T\000C\000\137\000D\000M}{subsection.4.9.1}% 182
\BOOKMARK [3][-]{subsubsection.4.9.1.10}{\376\377\0004\000.\0009\000.\0001\000.\0001\0000\000\040\000R\000T\000C\000\137\000H\000O\000U\000R\000S}{subsection.4.9.1}% 183
\BOOKMARK [3][-]{subsubsection.4.9.1.11}{\376\377\0004\000.\0009\000.\0001\000.\0001\0001\000\040\000R\000T\000C\000\137\000H\000O\000U\000R\000S\000\137\000A\000L\000A\000R\000M}{subsection.4.9.1}% 184
\BOOKMARK [3][-]{subsubsection.4.9.1.12}{\376\377\0004\000.\0009\000.\0001\000.\0001\0002\000\040\000R\000T\000C\000\137\000I\000R\000Q}{subsection.4.9.1}% 185
\BOOKMARK [3][-]{subsubsection.4.9.1.13}{\376\377\0004\000.\0009\000.\0001\000.\0001\0003\000\040\000R\000T\000C\000\137\000I\000R\000Q\000F}{subsection.4.9.1}% 186
\BOOKMARK [3][-]{subsubsection.4.9.1.14}{\376\377\0004\000.\0009\000.\0001\000.\0001\0004\000\040\000R\000T\000C\000\137\000M\000A\000S\000K}{subsection.4.9.1}% 187
\BOOKMARK [3][-]{subsubsection.4.9.1.15}{\376\377\0004\000.\0009\000.\0001\000.\0001\0005\000\040\000R\000T\000C\000\137\000M\000A\000X\000\137\000A\000T\000T\000E\000M\000P\000T\000S}{subsection.4.9.1}% 188
\BOOKMARK [3][-]{subsubsection.4.9.1.16}{\376\377\0004\000.\0009\000.\0001\000.\0001\0006\000\040\000R\000T\000C\000\137\000M\000I\000N\000U\000T\000E\000S}{subsection.4.9.1}% 189
\BOOKMARK [3][-]{subsubsection.4.9.1.17}{\376\377\0004\000.\0009\000.\0001\000.\0001\0007\000\040\000R\000T\000C\000\137\000M\000I\000N\000U\000T\000E\000S\000\137\000A\000L\000A\000R\000M}{subsection.4.9.1}% 190
\BOOKMARK [3][-]{subsubsection.4.9.1.18}{\376\377\0004\000.\0009\000.\0001\000.\0001\0008\000\040\000R\000T\000C\000\137\000M\000O\000N\000T\000H}{subsection.4.9.1}% 191
\BOOKMARK [3][-]{subsubsection.4.9.1.19}{\376\377\0004\000.\0009\000.\0001\000.\0001\0009\000\040\000R\000T\000C\000\137\000P\000F}{subsection.4.9.1}% 192
\BOOKMARK [3][-]{subsubsection.4.9.1.20}{\376\377\0004\000.\0009\000.\0001\000.\0002\0000\000\040\000R\000T\000C\000\137\000P\000I\000E}{subsection.4.9.1}% 193
\BOOKMARK [3][-]{subsubsection.4.9.1.21}{\376\377\0004\000.\0009\000.\0001\000.\0002\0001\000\040\000R\000T\000C\000\137\000R\000E\000G\000\137\000A}{subsection.4.9.1}% 194
\BOOKMARK [3][-]{subsubsection.4.9.1.22}{\376\377\0004\000.\0009\000.\0001\000.\0002\0002\000\040\000R\000T\000C\000\137\000R\000E\000G\000\137\000B}{subsection.4.9.1}% 195
\BOOKMARK [3][-]{subsubsection.4.9.1.23}{\376\377\0004\000.\0009\000.\0001\000.\0002\0003\000\040\000R\000T\000C\000\137\000R\000E\000G\000\137\000C}{subsection.4.9.1}% 196
\BOOKMARK [3][-]{subsubsection.4.9.1.24}{\376\377\0004\000.\0009\000.\0001\000.\0002\0004\000\040\000R\000T\000C\000\137\000R\000E\000G\000\137\000D}{subsection.4.9.1}% 197
\BOOKMARK [3][-]{subsubsection.4.9.1.25}{\376\377\0004\000.\0009\000.\0001\000.\0002\0005\000\040\000R\000T\000C\000\137\000S\000E\000C\000O\000N\000D\000S}{subsection.4.9.1}% 198
\BOOKMARK [3][-]{subsubsection.4.9.1.26}{\376\377\0004\000.\0009\000.\0001\000.\0002\0006\000\040\000R\000T\000C\000\137\000S\000E\000C\000O\000N\000D\000S\000\137\000A\000L\000A\000R\000M}{subsection.4.9.1}% 199
\BOOKMARK [3][-]{subsubsection.4.9.1.27}{\376\377\0004\000.\0009\000.\0001\000.\0002\0007\000\040\000R\000T\000C\000\137\000S\000E\000T}{subsection.4.9.1}% 200
\BOOKMARK [3][-]{subsubsection.4.9.1.28}{\376\377\0004\000.\0009\000.\0001\000.\0002\0008\000\040\000R\000T\000C\000\137\000U\000F}{subsection.4.9.1}% 201
\BOOKMARK [3][-]{subsubsection.4.9.1.29}{\376\377\0004\000.\0009\000.\0001\000.\0002\0009\000\040\000R\000T\000C\000\137\000U\000I\000E}{subsection.4.9.1}% 202
\BOOKMARK [3][-]{subsubsection.4.9.1.30}{\376\377\0004\000.\0009\000.\0001\000.\0003\0000\000\040\000R\000T\000C\000\137\000U\000I\000P}{subsection.4.9.1}% 203
\BOOKMARK [3][-]{subsubsection.4.9.1.31}{\376\377\0004\000.\0009\000.\0001\000.\0003\0001\000\040\000R\000T\000C\000\137\000Y\000E\000A\000R}{subsection.4.9.1}% 204
\BOOKMARK [2][-]{subsection.4.9.2}{\376\377\0004\000.\0009\000.\0002\000\040\000F\000u\000n\000c\000t\000i\000o\000n\000\040\000D\000o\000c\000u\000m\000e\000n\000t\000a\000t\000i\000o\000n}{section.4.9}% 205
\BOOKMARK [3][-]{subsubsection.4.9.2.1}{\376\377\0004\000.\0009\000.\0002\000.\0001\000\040\000b\000c\000d\000\137\000t\000o\000\137\000b\000i\000n\000\050\000\051}{subsection.4.9.2}% 206
\BOOKMARK [3][-]{subsubsection.4.9.2.2}{\376\377\0004\000.\0009\000.\0002\000.\0002\000\040\000b\000i\000n\000\137\000t\000o\000\137\000b\000c\000d\000\050\000\051}{subsection.4.9.2}% 207
\BOOKMARK [3][-]{subsubsection.4.9.2.3}{\376\377\0004\000.\0009\000.\0002\000.\0003\000\040\000c\000o\000n\000v\000e\000r\000t\000\137\000t\000o\000\137\0002\0004\000h\000\050\000\051}{subsection.4.9.2}% 208
\BOOKMARK [3][-]{subsubsection.4.9.2.4}{\376\377\0004\000.\0009\000.\0002\000.\0004\000\040\000r\000t\000c\000\137\000d\000i\000s\000a\000b\000l\000e\000\137\000a\000l\000a\000r\000m\000\050\000\051}{subsection.4.9.2}% 209
\BOOKMARK [3][-]{subsubsection.4.9.2.5}{\376\377\0004\000.\0009\000.\0002\000.\0005\000\040\000r\000t\000c\000\137\000i\000h\000\050\000\051}{subsection.4.9.2}% 210
\BOOKMARK [3][-]{subsubsection.4.9.2.6}{\376\377\0004\000.\0009\000.\0002\000.\0006\000\040\000r\000t\000c\000\137\000r\000e\000a\000d\000\050\000\051}{subsection.4.9.2}% 211
\BOOKMARK [3][-]{subsubsection.4.9.2.7}{\376\377\0004\000.\0009\000.\0002\000.\0007\000\040\000r\000t\000c\000\137\000s\000e\000t\000\137\000a\000l\000a\000r\000m\000\050\000\051}{subsection.4.9.2}% 212
\BOOKMARK [3][-]{subsubsection.4.9.2.8}{\376\377\0004\000.\0009\000.\0002\000.\0008\000\040\000r\000t\000c\000\137\000s\000t\000a\000r\000t\000\050\000\051}{subsection.4.9.2}% 213
\BOOKMARK [3][-]{subsubsection.4.9.2.9}{\376\377\0004\000.\0009\000.\0002\000.\0009\000\040\000r\000t\000c\000\137\000s\000t\000o\000p\000\050\000\051}{subsection.4.9.2}% 214
\BOOKMARK [3][-]{subsubsection.4.9.2.10}{\376\377\0004\000.\0009\000.\0002\000.\0001\0000\000\040\000r\000t\000c\000\137\000s\000u\000b\000s\000c\000r\000i\000b\000e\000\137\000i\000n\000t\000\050\000\051}{subsection.4.9.2}% 215
\BOOKMARK [3][-]{subsubsection.4.9.2.11}{\376\377\0004\000.\0009\000.\0002\000.\0001\0001\000\040\000r\000t\000c\000\137\000u\000n\000s\000u\000b\000s\000c\000r\000i\000b\000e\000\137\000i\000n\000t\000\050\000\051}{subsection.4.9.2}% 216
\BOOKMARK [3][-]{subsubsection.4.9.2.12}{\376\377\0004\000.\0009\000.\0002\000.\0001\0002\000\040\000r\000t\000c\000\137\000u\000p\000d\000a\000t\000e\000\050\000\051}{subsection.4.9.2}% 217
\BOOKMARK [3][-]{subsubsection.4.9.2.13}{\376\377\0004\000.\0009\000.\0002\000.\0001\0003\000\040\000r\000t\000c\000\137\000w\000r\000i\000t\000e\000\050\000\051}{subsection.4.9.2}% 218
\BOOKMARK [1][-]{section.4.10}{\376\377\0004\000.\0001\0000\000\040\000/\000h\000o\000m\000e\000/\000n\000e\000v\000e\000s\000/\000r\000e\000p\000s\000/\000L\000C\000O\000M\000/\000s\000h\000a\000r\000e\000d\000/\000p\000r\000o\000j\000/\000s\000r\000c\000/\000c\000o\000n\000t\000r\000o\000l\000l\000e\000r\000/\000t\000i\000m\000e\000r\000/\000t\000i\000m\000e\000r\000.\000c\000\040\000F\000i\000l\000e\000\040\000R\000e\000f\000e\000r\000e\000n\000c\000e}{chapter.4}% 219
\BOOKMARK [2][-]{subsection.4.10.1}{\376\377\0004\000.\0001\0000\000.\0001\000\040\000F\000u\000n\000c\000t\000i\000o\000n\000\040\000D\000o\000c\000u\000m\000e\000n\000t\000a\000t\000i\000o\000n}{section.4.10}% 220
\BOOKMARK [3][-]{subsubsection.4.10.1.1}{\376\377\0004\000.\0001\0000\000.\0001\000.\0001\000\040\000t\000i\000m\000e\000r\000\137\000g\000e\000t\000\137\000c\000o\000n\000f\000\050\000\051}{subsection.4.10.1}% 221
\BOOKMARK [3][-]{subsubsection.4.10.1.2}{\376\377\0004\000.\0001\0000\000.\0001\000.\0002\000\040\000t\000i\000m\000e\000r\000\137\000i\000h\000\050\000\051}{subsection.4.10.1}% 222
\BOOKMARK [3][-]{subsubsection.4.10.1.3}{\376\377\0004\000.\0001\0000\000.\0001\000.\0003\000\040\000t\000i\000m\000e\000r\000\137\000s\000e\000t\000\137\000f\000r\000e\000q\000u\000e\000n\000c\000y\000\050\000\051}{subsection.4.10.1}% 223
\BOOKMARK [3][-]{subsubsection.4.10.1.4}{\376\377\0004\000.\0001\0000\000.\0001\000.\0004\000\040\000t\000i\000m\000e\000r\000\137\000s\000u\000b\000s\000c\000r\000i\000b\000e\000\137\000i\000n\000t\000s\000\050\000\051}{subsection.4.10.1}% 224
\BOOKMARK [3][-]{subsubsection.4.10.1.5}{\376\377\0004\000.\0001\0000\000.\0001\000.\0005\000\040\000t\000i\000m\000e\000r\000\137\000u\000n\000s\000u\000b\000s\000c\000r\000i\000b\000e\000\137\000i\000n\000t\000\050\000\051}{subsection.4.10.1}% 225
\BOOKMARK [2][-]{subsection.4.10.2}{\376\377\0004\000.\0001\0000\000.\0002\000\040\000V\000a\000r\000i\000a\000b\000l\000e\000\040\000D\000o\000c\000u\000m\000e\000n\000t\000a\000t\000i\000o\000n}{section.4.10}% 226
\BOOKMARK [3][-]{subsubsection.4.10.2.1}{\376\377\0004\000.\0001\0000\000.\0002\000.\0001\000\040\000t\000i\000m\000e\000r\000\137\000c\000o\000u\000n\000t\000e\000r}{subsection.4.10.2}% 227
\BOOKMARK [3][-]{subsubsection.4.10.2.2}{\376\377\0004\000.\0001\0000\000.\0002\000.\0002\000\040\000t\000i\000m\000e\000r\000\137\000h\000o\000o\000k\000\137\000i\000d}{subsection.4.10.2}% 228
\BOOKMARK [1][-]{section.4.11}{\376\377\0004\000.\0001\0001\000\040\000/\000h\000o\000m\000e\000/\000n\000e\000v\000e\000s\000/\000r\000e\000p\000s\000/\000L\000C\000O\000M\000/\000s\000h\000a\000r\000e\000d\000/\000p\000r\000o\000j\000/\000s\000r\000c\000/\000c\000o\000n\000t\000r\000o\000l\000l\000e\000r\000/\000t\000i\000m\000e\000r\000/\000t\000i\000m\000e\000r\000.\000h\000\040\000F\000i\000l\000e\000\040\000R\000e\000f\000e\000r\000e\000n\000c\000e}{chapter.4}% 229
\BOOKMARK [2][-]{subsection.4.11.1}{\376\377\0004\000.\0001\0001\000.\0001\000\040\000M\000a\000c\000r\000o\000\040\000D\000e\000f\000i\000n\000i\000t\000i\000o\000n\000\040\000D\000o\000c\000u\000m\000e\000n\000t\000a\000t\000i\000o\000n}{section.4.11}% 230
\BOOKMARK [3][-]{subsubsection.4.11.1.1}{\376\377\0004\000.\0001\0001\000.\0001\000.\0001\000\040\000T\000I\000M\000E\000R\000\137\0000}{subsection.4.11.1}% 231
\BOOKMARK [3][-]{subsubsection.4.11.1.2}{\376\377\0004\000.\0001\0001\000.\0001\000.\0002\000\040\000T\000I\000M\000E\000R\000\137\0001}{subsection.4.11.1}% 232
\BOOKMARK [3][-]{subsubsection.4.11.1.3}{\376\377\0004\000.\0001\0001\000.\0001\000.\0003\000\040\000T\000I\000M\000E\000R\000\137\0002}{subsection.4.11.1}% 233
\BOOKMARK [3][-]{subsubsection.4.11.1.4}{\376\377\0004\000.\0001\0001\000.\0001\000.\0004\000\040\000T\000I\000M\000E\000R\000\137\000B\000C\000D}{subsection.4.11.1}% 234
\BOOKMARK [3][-]{subsubsection.4.11.1.5}{\376\377\0004\000.\0001\0001\000.\0001\000.\0005\000\040\000T\000I\000M\000E\000R\000\137\000B\000I\000N}{subsection.4.11.1}% 235
\BOOKMARK [3][-]{subsubsection.4.11.1.6}{\376\377\0004\000.\0001\0001\000.\0001\000.\0006\000\040\000T\000I\000M\000E\000R\000\137\000C\000T\000R\000L}{subsection.4.11.1}% 236
\BOOKMARK [3][-]{subsubsection.4.11.1.7}{\376\377\0004\000.\0001\0001\000.\0001\000.\0007\000\040\000T\000I\000M\000E\000R\000\137\000F\000R\000E\000Q}{subsection.4.11.1}% 237
\BOOKMARK [3][-]{subsubsection.4.11.1.8}{\376\377\0004\000.\0001\0001\000.\0001\000.\0008\000\040\000T\000I\000M\000E\000R\000\137\000I\000R\000Q}{subsection.4.11.1}% 238
\BOOKMARK [3][-]{subsubsection.4.11.1.9}{\376\377\0004\000.\0001\0001\000.\0001\000.\0009\000\040\000T\000I\000M\000E\000R\000\137\000L\000S\000B}{subsection.4.11.1}% 239
\BOOKMARK [3][-]{subsubsection.4.11.1.10}{\376\377\0004\000.\0001\0001\000.\0001\000.\0001\0000\000\040\000T\000I\000M\000E\000R\000\137\000L\000S\000B\000\137\000M\000S\000B}{subsection.4.11.1}% 240
\BOOKMARK [3][-]{subsubsection.4.11.1.11}{\376\377\0004\000.\0001\0001\000.\0001\000.\0001\0001\000\040\000T\000I\000M\000E\000R\000\137\000M\000A\000S\000K}{subsection.4.11.1}% 241
\BOOKMARK [3][-]{subsubsection.4.11.1.12}{\376\377\0004\000.\0001\0001\000.\0001\000.\0001\0002\000\040\000T\000I\000M\000E\000R\000\137\000M\000S\000B}{subsection.4.11.1}% 242
\BOOKMARK [3][-]{subsubsection.4.11.1.13}{\376\377\0004\000.\0001\0001\000.\0001\000.\0001\0003\000\040\000T\000I\000M\000E\000R\000\137\000R\000A\000T\000E\000\137\000G\000E\000N}{subsection.4.11.1}% 243
\BOOKMARK [3][-]{subsubsection.4.11.1.14}{\376\377\0004\000.\0001\0001\000.\0001\000.\0001\0004\000\040\000T\000I\000M\000E\000R\000\137\000R\000B\000\137\000C\000M\000D}{subsection.4.11.1}% 244
\BOOKMARK [3][-]{subsubsection.4.11.1.15}{\376\377\0004\000.\0001\0001\000.\0001\000.\0001\0005\000\040\000T\000I\000M\000E\000R\000\137\000R\000B\000\137\000C\000O\000U\000N\000T\000\137}{subsection.4.11.1}% 245
\BOOKMARK [3][-]{subsubsection.4.11.1.16}{\376\377\0004\000.\0001\0001\000.\0001\000.\0001\0006\000\040\000T\000I\000M\000E\000R\000\137\000R\000B\000\137\000S\000E\000L}{subsection.4.11.1}% 246
\BOOKMARK [3][-]{subsubsection.4.11.1.17}{\376\377\0004\000.\0001\0001\000.\0001\000.\0001\0007\000\040\000T\000I\000M\000E\000R\000\137\000R\000B\000\137\000S\000T\000A\000T\000U\000S\000\137}{subsection.4.11.1}% 247
\BOOKMARK [3][-]{subsubsection.4.11.1.18}{\376\377\0004\000.\0001\0001\000.\0001\000.\0001\0008\000\040\000T\000I\000M\000E\000R\000\137\000S\000E\000L\0000}{subsection.4.11.1}% 248
\BOOKMARK [3][-]{subsubsection.4.11.1.19}{\376\377\0004\000.\0001\0001\000.\0001\000.\0001\0009\000\040\000T\000I\000M\000E\000R\000\137\000S\000E\000L\0001}{subsection.4.11.1}% 249
\BOOKMARK [3][-]{subsubsection.4.11.1.20}{\376\377\0004\000.\0001\0001\000.\0001\000.\0002\0000\000\040\000T\000I\000M\000E\000R\000\137\000S\000E\000L\0002}{subsection.4.11.1}% 250
\BOOKMARK [3][-]{subsubsection.4.11.1.21}{\376\377\0004\000.\0001\0001\000.\0001\000.\0002\0001\000\040\000T\000I\000M\000E\000R\000\137\000S\000Q\000R\000\137\000W\000A\000V\000E}{subsection.4.11.1}% 251
\BOOKMARK [2][-]{subsection.4.11.2}{\376\377\0004\000.\0001\0001\000.\0002\000\040\000F\000u\000n\000c\000t\000i\000o\000n\000\040\000D\000o\000c\000u\000m\000e\000n\000t\000a\000t\000i\000o\000n}{section.4.11}% 252
\BOOKMARK [3][-]{subsubsection.4.11.2.1}{\376\377\0004\000.\0001\0001\000.\0002\000.\0001\000\040\000t\000i\000m\000e\000r\000\137\000g\000e\000t\000\137\000c\000o\000n\000f\000\050\000\051}{subsection.4.11.2}% 253
\BOOKMARK [3][-]{subsubsection.4.11.2.2}{\376\377\0004\000.\0001\0001\000.\0002\000.\0002\000\040\000t\000i\000m\000e\000r\000\137\000i\000h\000\050\000\051}{subsection.4.11.2}% 254
\BOOKMARK [3][-]{subsubsection.4.11.2.3}{\376\377\0004\000.\0001\0001\000.\0002\000.\0003\000\040\000t\000i\000m\000e\000r\000\137\000s\000e\000t\000\137\000f\000r\000e\000q\000u\000e\000n\000c\000y\000\050\000\051}{subsection.4.11.2}% 255
\BOOKMARK [3][-]{subsubsection.4.11.2.4}{\376\377\0004\000.\0001\0001\000.\0002\000.\0004\000\040\000t\000i\000m\000e\000r\000\137\000s\000u\000b\000s\000c\000r\000i\000b\000e\000\137\000i\000n\000t\000s\000\050\000\051}{subsection.4.11.2}% 256
\BOOKMARK [3][-]{subsubsection.4.11.2.5}{\376\377\0004\000.\0001\0001\000.\0002\000.\0005\000\040\000t\000i\000m\000e\000r\000\137\000u\000n\000s\000u\000b\000s\000c\000r\000i\000b\000e\000\137\000i\000n\000t\000\050\000\051}{subsection.4.11.2}% 257
\BOOKMARK [1][-]{section.4.12}{\376\377\0004\000.\0001\0002\000\040\000/\000h\000o\000m\000e\000/\000n\000e\000v\000e\000s\000/\000r\000e\000p\000s\000/\000L\000C\000O\000M\000/\000s\000h\000a\000r\000e\000d\000/\000p\000r\000o\000j\000/\000s\000r\000c\000/\000c\000o\000n\000t\000r\000o\000l\000l\000e\000r\000/\000u\000t\000i\000l\000s\000.\000c\000\040\000F\000i\000l\000e\000\040\000R\000e\000f\000e\000r\000e\000n\000c\000e}{chapter.4}% 258
\BOOKMARK [2][-]{subsection.4.12.1}{\376\377\0004\000.\0001\0002\000.\0001\000\040\000F\000u\000n\000c\000t\000i\000o\000n\000\040\000D\000o\000c\000u\000m\000e\000n\000t\000a\000t\000i\000o\000n}{section.4.12}% 259
\BOOKMARK [3][-]{subsubsection.4.12.1.1}{\376\377\0004\000.\0001\0002\000.\0001\000.\0001\000\040\000u\000t\000i\000l\000\137\000g\000e\000t\000\137\000L\000S\000B\000\050\000\051}{subsection.4.12.1}% 260
\BOOKMARK [3][-]{subsubsection.4.12.1.2}{\376\377\0004\000.\0001\0002\000.\0001\000.\0002\000\040\000u\000t\000i\000l\000\137\000g\000e\000t\000\137\000M\000S\000B\000\050\000\051}{subsection.4.12.1}% 261
\BOOKMARK [3][-]{subsubsection.4.12.1.3}{\376\377\0004\000.\0001\0002\000.\0001\000.\0003\000\040\000u\000t\000i\000l\000\137\000s\000y\000s\000\137\000i\000n\000b\000\050\000\051}{subsection.4.12.1}% 262
\BOOKMARK [1][-]{section.4.13}{\376\377\0004\000.\0001\0003\000\040\000/\000h\000o\000m\000e\000/\000n\000e\000v\000e\000s\000/\000r\000e\000p\000s\000/\000L\000C\000O\000M\000/\000s\000h\000a\000r\000e\000d\000/\000p\000r\000o\000j\000/\000s\000r\000c\000/\000c\000o\000n\000t\000r\000o\000l\000l\000e\000r\000/\000u\000t\000i\000l\000s\000.\000h\000\040\000F\000i\000l\000e\000\040\000R\000e\000f\000e\000r\000e\000n\000c\000e}{chapter.4}% 263
\BOOKMARK [2][-]{subsection.4.13.1}{\376\377\0004\000.\0001\0003\000.\0001\000\040\000M\000a\000c\000r\000o\000\040\000D\000e\000f\000i\000n\000i\000t\000i\000o\000n\000\040\000D\000o\000c\000u\000m\000e\000n\000t\000a\000t\000i\000o\000n}{section.4.13}% 264
\BOOKMARK [3][-]{subsubsection.4.13.1.1}{\376\377\0004\000.\0001\0003\000.\0001\000.\0001\000\040\000B\000I\000T}{subsection.4.13.1}% 265
\BOOKMARK [2][-]{subsection.4.13.2}{\376\377\0004\000.\0001\0003\000.\0002\000\040\000F\000u\000n\000c\000t\000i\000o\000n\000\040\000D\000o\000c\000u\000m\000e\000n\000t\000a\000t\000i\000o\000n}{section.4.13}% 266
\BOOKMARK [3][-]{subsubsection.4.13.2.1}{\376\377\0004\000.\0001\0003\000.\0002\000.\0001\000\040\000u\000t\000i\000l\000\137\000g\000e\000t\000\137\000L\000S\000B\000\050\000\051}{subsection.4.13.2}% 267
\BOOKMARK [3][-]{subsubsection.4.13.2.2}{\376\377\0004\000.\0001\0003\000.\0002\000.\0002\000\040\000u\000t\000i\000l\000\137\000g\000e\000t\000\137\000M\000S\000B\000\050\000\051}{subsection.4.13.2}% 268
\BOOKMARK [3][-]{subsubsection.4.13.2.3}{\376\377\0004\000.\0001\0003\000.\0002\000.\0003\000\040\000u\000t\000i\000l\000\137\000s\000y\000s\000\137\000i\000n\000b\000\050\000\051}{subsection.4.13.2}% 269
\BOOKMARK [1][-]{section.4.14}{\376\377\0004\000.\0001\0004\000\040\000/\000h\000o\000m\000e\000/\000n\000e\000v\000e\000s\000/\000r\000e\000p\000s\000/\000L\000C\000O\000M\000/\000s\000h\000a\000r\000e\000d\000/\000p\000r\000o\000j\000/\000s\000r\000c\000/\000c\000o\000n\000t\000r\000o\000l\000l\000e\000r\000/\000v\000i\000d\000e\000o\000/\000g\000r\000a\000p\000h\000i\000c\000.\000c\000\040\000F\000i\000l\000e\000\040\000R\000e\000f\000e\000r\000e\000n\000c\000e}{chapter.4}% 270
\BOOKMARK [2][-]{subsection.4.14.1}{\376\377\0004\000.\0001\0004\000.\0001\000\040\000F\000u\000n\000c\000t\000i\000o\000n\000\040\000D\000o\000c\000u\000m\000e\000n\000t\000a\000t\000i\000o\000n}{section.4.14}% 271
\BOOKMARK [3][-]{subsubsection.4.14.1.1}{\376\377\0004\000.\0001\0004\000.\0001\000.\0001\000\040\000d\000r\000a\000w\000\137\000l\000i\000n\000e\000\050\000\051}{subsection.4.14.1}% 272
\BOOKMARK [3][-]{subsubsection.4.14.1.2}{\376\377\0004\000.\0001\0004\000.\0001\000.\0002\000\040\000d\000r\000a\000w\000\137\000p\000i\000x\000e\000l\000\050\000\051}{subsection.4.14.1}% 273
\BOOKMARK [3][-]{subsubsection.4.14.1.3}{\376\377\0004\000.\0001\0004\000.\0001\000.\0003\000\040\000d\000r\000a\000w\000\137\000r\000e\000c\000t\000a\000n\000g\000l\000e\000\050\000\051}{subsection.4.14.1}% 274
\BOOKMARK [3][-]{subsubsection.4.14.1.4}{\376\377\0004\000.\0001\0004\000.\0001\000.\0004\000\040\000d\000r\000a\000w\000\137\000X\000P\000M\000\050\000\051}{subsection.4.14.1}% 275
\BOOKMARK [3][-]{subsubsection.4.14.1.5}{\376\377\0004\000.\0001\0004\000.\0001\000.\0005\000\040\000s\000e\000t\000\137\000f\000r\000a\000m\000e\000\137\000b\000u\000f\000f\000e\000r\000\050\000\051}{subsection.4.14.1}% 276
\BOOKMARK [3][-]{subsubsection.4.14.1.6}{\376\377\0004\000.\0001\0004\000.\0001\000.\0006\000\040\000s\000e\000t\000\137\000g\000r\000a\000p\000h\000i\000c\000\137\000m\000o\000d\000e\000\050\000\051}{subsection.4.14.1}% 277
\BOOKMARK [3][-]{subsubsection.4.14.1.7}{\376\377\0004\000.\0001\0004\000.\0001\000.\0007\000\040\000s\000e\000t\000\137\000t\000e\000x\000t\000\137\000m\000o\000d\000e\000\050\000\051}{subsection.4.14.1}% 278
\BOOKMARK [2][-]{subsection.4.14.2}{\376\377\0004\000.\0001\0004\000.\0002\000\040\000V\000a\000r\000i\000a\000b\000l\000e\000\040\000D\000o\000c\000u\000m\000e\000n\000t\000a\000t\000i\000o\000n}{section.4.14}% 279
\BOOKMARK [3][-]{subsubsection.4.14.2.1}{\376\377\0004\000.\0001\0004\000.\0002\000.\0001\000\040\000v\000b\000e\000\137\000i\000n\000f\000o}{subsection.4.14.2}% 280
\BOOKMARK [1][-]{section.4.15}{\376\377\0004\000.\0001\0005\000\040\000/\000h\000o\000m\000e\000/\000n\000e\000v\000e\000s\000/\000r\000e\000p\000s\000/\000L\000C\000O\000M\000/\000s\000h\000a\000r\000e\000d\000/\000p\000r\000o\000j\000/\000s\000r\000c\000/\000c\000o\000n\000t\000r\000o\000l\000l\000e\000r\000/\000v\000i\000d\000e\000o\000/\000g\000r\000a\000p\000h\000i\000c\000.\000h\000\040\000F\000i\000l\000e\000\040\000R\000e\000f\000e\000r\000e\000n\000c\000e}{chapter.4}% 281
\BOOKMARK [2][-]{subsection.4.15.1}{\376\377\0004\000.\0001\0005\000.\0001\000\040\000M\000a\000c\000r\000o\000\040\000D\000e\000f\000i\000n\000i\000t\000i\000o\000n\000\040\000D\000o\000c\000u\000m\000e\000n\000t\000a\000t\000i\000o\000n}{section.4.15}% 282
\BOOKMARK [3][-]{subsubsection.4.15.1.1}{\376\377\0004\000.\0001\0005\000.\0001\000.\0001\000\040\000V\000B\000E\000\137\0001\0000\0002\0004\000x\0007\0006\0008\000\137\000I\000N\000D\000E\000X\000E\000D}{subsection.4.15.1}% 283
\BOOKMARK [3][-]{subsubsection.4.15.1.2}{\376\377\0004\000.\0001\0005\000.\0001\000.\0002\000\040\000V\000B\000E\000\137\0001\0001\0005\0002\000x\0008\0006\0004}{subsection.4.15.1}% 284
\BOOKMARK [3][-]{subsubsection.4.15.1.3}{\376\377\0004\000.\0001\0005\000.\0001\000.\0003\000\040\000V\000B\000E\000\137\0001\0002\0008\0000\000x\0001\0000\0002\0004}{subsection.4.15.1}% 285
\BOOKMARK [3][-]{subsubsection.4.15.1.4}{\376\377\0004\000.\0001\0005\000.\0001\000.\0004\000\040\000V\000B\000E\000\137\0006\0004\0000\000x\0004\0008\0000}{subsection.4.15.1}% 286
\BOOKMARK [3][-]{subsubsection.4.15.1.5}{\376\377\0004\000.\0001\0005\000.\0001\000.\0005\000\040\000V\000B\000E\000\137\0008\0000\0000\000x\0006\0000\0000}{subsection.4.15.1}% 287
\BOOKMARK [2][-]{subsection.4.15.2}{\376\377\0004\000.\0001\0005\000.\0002\000\040\000F\000u\000n\000c\000t\000i\000o\000n\000\040\000D\000o\000c\000u\000m\000e\000n\000t\000a\000t\000i\000o\000n}{section.4.15}% 288
\BOOKMARK [3][-]{subsubsection.4.15.2.1}{\376\377\0004\000.\0001\0005\000.\0002\000.\0001\000\040\000d\000r\000a\000w\000\137\000l\000i\000n\000e\000\050\000\051}{subsection.4.15.2}% 289
\BOOKMARK [3][-]{subsubsection.4.15.2.2}{\376\377\0004\000.\0001\0005\000.\0002\000.\0002\000\040\000d\000r\000a\000w\000\137\000p\000i\000x\000e\000l\000\050\000\051}{subsection.4.15.2}% 290
\BOOKMARK [3][-]{subsubsection.4.15.2.3}{\376\377\0004\000.\0001\0005\000.\0002\000.\0003\000\040\000d\000r\000a\000w\000\137\000r\000e\000c\000t\000a\000n\000g\000l\000e\000\050\000\051}{subsection.4.15.2}% 291
\BOOKMARK [3][-]{subsubsection.4.15.2.4}{\376\377\0004\000.\0001\0005\000.\0002\000.\0004\000\040\000d\000r\000a\000w\000\137\000X\000P\000M\000\050\000\051}{subsection.4.15.2}% 292
\BOOKMARK [3][-]{subsubsection.4.15.2.5}{\376\377\0004\000.\0001\0005\000.\0002\000.\0005\000\040\000s\000e\000t\000\137\000f\000r\000a\000m\000e\000\137\000b\000u\000f\000f\000e\000r\000\050\000\051}{subsection.4.15.2}% 293
\BOOKMARK [3][-]{subsubsection.4.15.2.6}{\376\377\0004\000.\0001\0005\000.\0002\000.\0006\000\040\000s\000e\000t\000\137\000g\000r\000a\000p\000h\000i\000c\000\137\000m\000o\000d\000e\000\050\000\051}{subsection.4.15.2}% 294
\BOOKMARK [3][-]{subsubsection.4.15.2.7}{\376\377\0004\000.\0001\0005\000.\0002\000.\0007\000\040\000s\000e\000t\000\137\000t\000e\000x\000t\000\137\000m\000o\000d\000e\000\050\000\051}{subsection.4.15.2}% 295
\BOOKMARK [1][-]{section.4.16}{\376\377\0004\000.\0001\0006\000\040\000/\000h\000o\000m\000e\000/\000n\000e\000v\000e\000s\000/\000r\000e\000p\000s\000/\000L\000C\000O\000M\000/\000s\000h\000a\000r\000e\000d\000/\000p\000r\000o\000j\000/\000s\000r\000c\000/\000m\000a\000i\000n\000.\000c\000\040\000F\000i\000l\000e\000\040\000R\000e\000f\000e\000r\000e\000n\000c\000e}{chapter.4}% 296
\BOOKMARK [2][-]{subsection.4.16.1}{\376\377\0004\000.\0001\0006\000.\0001\000\040\000F\000u\000n\000c\000t\000i\000o\000n\000\040\000D\000o\000c\000u\000m\000e\000n\000t\000a\000t\000i\000o\000n}{section.4.16}% 297
\BOOKMARK [3][-]{subsubsection.4.16.1.1}{\376\377\0004\000.\0001\0006\000.\0001\000.\0001\000\040\000c\000l\000e\000a\000n\000u\000p\000\050\000\051}{subsection.4.16.1}% 298
\BOOKMARK [3][-]{subsubsection.4.16.1.2}{\376\377\0004\000.\0001\0006\000.\0001\000.\0002\000\040\000m\000a\000i\000n\000\050\000\051}{subsection.4.16.1}% 299
\BOOKMARK [3][-]{subsubsection.4.16.1.3}{\376\377\0004\000.\0001\0006\000.\0001\000.\0003\000\040\000p\000r\000o\000j\000\137\000m\000a\000i\000n\000\137\000l\000o\000o\000p\000\050\000\051}{subsection.4.16.1}% 300
\BOOKMARK [3][-]{subsubsection.4.16.1.4}{\376\377\0004\000.\0001\0006\000.\0001\000.\0004\000\040\000s\000e\000t\000u\000p\000\050\000\051}{subsection.4.16.1}% 301
\BOOKMARK [2][-]{subsection.4.16.2}{\376\377\0004\000.\0001\0006\000.\0002\000\040\000V\000a\000r\000i\000a\000b\000l\000e\000\040\000D\000o\000c\000u\000m\000e\000n\000t\000a\000t\000i\000o\000n}{section.4.16}% 302
\BOOKMARK [3][-]{subsubsection.4.16.2.1}{\376\377\0004\000.\0001\0006\000.\0002\000.\0001\000\040\000s\000y\000s\000t\000e\000m\000S\000t\000a\000t\000e}{subsection.4.16.2}% 303
\BOOKMARK [1][-]{section.4.17}{\376\377\0004\000.\0001\0007\000\040\000/\000h\000o\000m\000e\000/\000n\000e\000v\000e\000s\000/\000r\000e\000p\000s\000/\000L\000C\000O\000M\000/\000s\000h\000a\000r\000e\000d\000/\000p\000r\000o\000j\000/\000s\000r\000c\000/\000m\000o\000d\000e\000l\000/\000m\000o\000d\000e\000l\000.\000c\000\040\000F\000i\000l\000e\000\040\000R\000e\000f\000e\000r\000e\000n\000c\000e}{chapter.4}% 304
\BOOKMARK [2][-]{subsection.4.17.1}{\376\377\0004\000.\0001\0007\000.\0001\000\040\000F\000u\000n\000c\000t\000i\000o\000n\000\040\000D\000o\000c\000u\000m\000e\000n\000t\000a\000t\000i\000o\000n}{section.4.17}% 305
\BOOKMARK [3][-]{subsubsection.4.17.1.1}{\376\377\0004\000.\0001\0007\000.\0001\000.\0001\000\040\000d\000e\000l\000e\000t\000e\000\137\000l\000a\000s\000t\000\137\000i\000n\000p\000u\000t\000\050\000\051}{subsection.4.17.1}% 306
\BOOKMARK [3][-]{subsubsection.4.17.1.2}{\376\377\0004\000.\0001\0007\000.\0001\000.\0002\000\040\000d\000e\000s\000t\000r\000o\000y\000\137\000s\000p\000r\000i\000t\000e\000s\000\050\000\051}{subsection.4.17.1}% 307
\BOOKMARK [3][-]{subsubsection.4.17.1.3}{\376\377\0004\000.\0001\0007\000.\0001\000.\0003\000\040\000i\000n\000s\000e\000r\000t\000\137\000n\000e\000w\000\137\000i\000n\000p\000u\000t\000\050\000\051}{subsection.4.17.1}% 308
\BOOKMARK [3][-]{subsubsection.4.17.1.4}{\376\377\0004\000.\0001\0007\000.\0001\000.\0004\000\040\000i\000s\000\137\000m\000o\000u\000s\000e\000\137\000o\000v\000e\000r\000\137\000b\000u\000t\000t\000o\000n\000\050\000\051}{subsection.4.17.1}% 309
\BOOKMARK [3][-]{subsubsection.4.17.1.5}{\376\377\0004\000.\0001\0007\000.\0001\000.\0005\000\040\000s\000e\000t\000u\000p\000\137\000s\000p\000r\000i\000t\000e\000s\000\050\000\051}{subsection.4.17.1}% 310
\BOOKMARK [3][-]{subsubsection.4.17.1.6}{\376\377\0004\000.\0001\0007\000.\0001\000.\0006\000\040\000u\000p\000d\000a\000t\000e\000\137\000c\000h\000r\000o\000n\000o\000\137\000b\000u\000t\000t\000o\000n\000s\000\050\000\051}{subsection.4.17.1}% 311
\BOOKMARK [3][-]{subsubsection.4.17.1.7}{\376\377\0004\000.\0001\0007\000.\0001\000.\0007\000\040\000u\000p\000d\000a\000t\000e\000\137\000k\000e\000y\000b\000o\000a\000r\000d\000\137\000s\000t\000a\000t\000e\000\050\000\051}{subsection.4.17.1}% 312
\BOOKMARK [3][-]{subsubsection.4.17.1.8}{\376\377\0004\000.\0001\0007\000.\0001\000.\0008\000\040\000u\000p\000d\000a\000t\000e\000\137\000m\000o\000u\000s\000e\000\137\000s\000t\000a\000t\000e\000\050\000\051}{subsection.4.17.1}% 313
\BOOKMARK [3][-]{subsubsection.4.17.1.9}{\376\377\0004\000.\0001\0007\000.\0001\000.\0009\000\040\000u\000p\000d\000a\000t\000e\000\137\000t\000i\000m\000e\000r\000\137\000b\000u\000t\000t\000o\000n\000s\000\050\000\051}{subsection.4.17.1}% 314
\BOOKMARK [3][-]{subsubsection.4.17.1.10}{\376\377\0004\000.\0001\0007\000.\0001\000.\0001\0000\000\040\000u\000p\000d\000a\000t\000e\000\137\000t\000i\000m\000e\000r\000\137\000s\000t\000a\000t\000e\000\050\000\051}{subsection.4.17.1}% 315
\BOOKMARK [3][-]{subsubsection.4.17.1.11}{\376\377\0004\000.\0001\0007\000.\0001\000.\0001\0001\000\040\000u\000p\000d\000a\000t\000e\000\137\000t\000o\000o\000l\000b\000a\000r\000\137\000b\000u\000t\000t\000o\000n\000s\000\050\000\051}{subsection.4.17.1}% 316
\BOOKMARK [2][-]{subsection.4.17.2}{\376\377\0004\000.\0001\0007\000.\0002\000\040\000V\000a\000r\000i\000a\000b\000l\000e\000\040\000D\000o\000c\000u\000m\000e\000n\000t\000a\000t\000i\000o\000n}{section.4.17}% 317
\BOOKMARK [3][-]{subsubsection.4.17.2.1}{\376\377\0004\000.\0001\0007\000.\0002\000.\0001\000\040\000b\000l\000o\000c\000k}{subsection.4.17.2}% 318
\BOOKMARK [3][-]{subsubsection.4.17.2.2}{\376\377\0004\000.\0001\0007\000.\0002\000.\0002\000\040\000b\000y\000t\000e\000\137\000i\000n\000d\000e\000x}{subsection.4.17.2}% 319
\BOOKMARK [3][-]{subsubsection.4.17.2.3}{\376\377\0004\000.\0001\0007\000.\0002\000.\0003\000\040\000c\000h\000r\000o\000n\000o\000\137\000b\000u\000t\000t\000o\000n\000s}{subsection.4.17.2}% 320
\BOOKMARK [3][-]{subsubsection.4.17.2.4}{\376\377\0004\000.\0001\0007\000.\0002\000.\0004\000\040\000c\000h\000r\000o\000n\000o\000\137\000s\000e\000c\000o\000n\000d\000s}{subsection.4.17.2}% 321
\BOOKMARK [3][-]{subsubsection.4.17.2.5}{\376\377\0004\000.\0001\0007\000.\0002\000.\0005\000\040\000c\000h\000r\000o\000n\000o\000S\000t\000a\000t\000e}{subsection.4.17.2}% 322
\BOOKMARK [3][-]{subsubsection.4.17.2.6}{\376\377\0004\000.\0001\0007\000.\0002\000.\0006\000\040\000c\000o\000l\000o\000n}{subsection.4.17.2}% 323
\BOOKMARK [3][-]{subsubsection.4.17.2.7}{\376\377\0004\000.\0001\0007\000.\0002\000.\0007\000\040\000d\000a\000y\000s\000\137\000o\000f\000\137\000w\000e\000e\000k}{subsection.4.17.2}% 324
\BOOKMARK [3][-]{subsubsection.4.17.2.8}{\376\377\0004\000.\0001\0007\000.\0002\000.\0008\000\040\000d\000i\000g\000i\000t\000s}{subsection.4.17.2}% 325
\BOOKMARK [3][-]{subsubsection.4.17.2.9}{\376\377\0004\000.\0001\0007\000.\0002\000.\0009\000\040\000m\000e\000n\000u\000S\000t\000a\000t\000e}{subsection.4.17.2}% 326
\BOOKMARK [3][-]{subsubsection.4.17.2.10}{\376\377\0004\000.\0001\0007\000.\0002\000.\0001\0000\000\040\000m\000o\000u\000s\000e}{subsection.4.17.2}% 327
\BOOKMARK [3][-]{subsubsection.4.17.2.11}{\376\377\0004\000.\0001\0007\000.\0002\000.\0001\0001\000\040\000m\000o\000u\000s\000e\000\137\000i\000n\000f\000o}{subsection.4.17.2}% 328
\BOOKMARK [3][-]{subsubsection.4.17.2.12}{\376\377\0004\000.\0001\0007\000.\0002\000.\0001\0002\000\040\000s\000c\000a\000n\000c\000o\000d\000e}{subsection.4.17.2}% 329
\BOOKMARK [3][-]{subsubsection.4.17.2.13}{\376\377\0004\000.\0001\0007\000.\0002\000.\0001\0003\000\040\000s\000l\000a\000s\000h}{subsection.4.17.2}% 330
\BOOKMARK [3][-]{subsubsection.4.17.2.14}{\376\377\0004\000.\0001\0007\000.\0002\000.\0001\0004\000\040\000s\000y\000s\000t\000e\000m\000S\000t\000a\000t\000e}{subsection.4.17.2}% 331
\BOOKMARK [3][-]{subsubsection.4.17.2.15}{\376\377\0004\000.\0001\0007\000.\0002\000.\0001\0005\000\040\000t\000i\000m\000e\000r\000\137\000c\000o\000u\000n\000t\000e\000r}{subsection.4.17.2}% 332
\BOOKMARK [3][-]{subsubsection.4.17.2.16}{\376\377\0004\000.\0001\0007\000.\0002\000.\0001\0006\000\040\000t\000i\000m\000e\000r\000\137\000i\000n\000p\000u\000t}{subsection.4.17.2}% 333
\BOOKMARK [3][-]{subsubsection.4.17.2.17}{\376\377\0004\000.\0001\0007\000.\0002\000.\0001\0007\000\040\000t\000i\000m\000e\000r\000\137\000i\000n\000p\000u\000t\000\137\000l\000e\000n\000g\000t\000h}{subsection.4.17.2}% 334
\BOOKMARK [3][-]{subsubsection.4.17.2.18}{\376\377\0004\000.\0001\0007\000.\0002\000.\0001\0008\000\040\000t\000i\000m\000e\000r\000\137\000s\000e\000c\000o\000n\000d\000s}{subsection.4.17.2}% 335
\BOOKMARK [3][-]{subsubsection.4.17.2.19}{\376\377\0004\000.\0001\0007\000.\0002\000.\0001\0009\000\040\000t\000i\000m\000e\000r\000S\000t\000a\000t\000e}{subsection.4.17.2}% 336
\BOOKMARK [3][-]{subsubsection.4.17.2.20}{\376\377\0004\000.\0001\0007\000.\0002\000.\0002\0000\000\040\000t\000o\000o\000l\000b\000a\000r\000\137\000b\000u\000t\000t\000o\000n\000s}{subsection.4.17.2}% 337
\BOOKMARK [3][-]{subsubsection.4.17.2.21}{\376\377\0004\000.\0001\0007\000.\0002\000.\0002\0001\000\040\000v\000b\000e\000\137\000i\000n\000f\000o}{subsection.4.17.2}% 338
\BOOKMARK [1][-]{section.4.18}{\376\377\0004\000.\0001\0008\000\040\000/\000h\000o\000m\000e\000/\000n\000e\000v\000e\000s\000/\000r\000e\000p\000s\000/\000L\000C\000O\000M\000/\000s\000h\000a\000r\000e\000d\000/\000p\000r\000o\000j\000/\000s\000r\000c\000/\000m\000o\000d\000e\000l\000/\000m\000o\000d\000e\000l\000.\000h\000\040\000F\000i\000l\000e\000\040\000R\000e\000f\000e\000r\000e\000n\000c\000e}{chapter.4}% 339
\BOOKMARK [2][-]{subsection.4.18.1}{\376\377\0004\000.\0001\0008\000.\0001\000\040\000E\000n\000u\000m\000e\000r\000a\000t\000i\000o\000n\000\040\000T\000y\000p\000e\000\040\000D\000o\000c\000u\000m\000e\000n\000t\000a\000t\000i\000o\000n}{section.4.18}% 340
\BOOKMARK [3][-]{subsubsection.4.18.1.1}{\376\377\0004\000.\0001\0008\000.\0001\000.\0001\000\040\000C\000h\000r\000o\000n\000o\000S\000t\000a\000t\000e}{subsection.4.18.1}% 341
\BOOKMARK [3][-]{subsubsection.4.18.1.2}{\376\377\0004\000.\0001\0008\000.\0001\000.\0002\000\040\000M\000e\000n\000u\000S\000t\000a\000t\000e}{subsection.4.18.1}% 342
\BOOKMARK [3][-]{subsubsection.4.18.1.3}{\376\377\0004\000.\0001\0008\000.\0001\000.\0003\000\040\000S\000y\000s\000t\000e\000m\000S\000t\000a\000t\000e}{subsection.4.18.1}% 343
\BOOKMARK [2][-]{subsection.4.18.2}{\376\377\0004\000.\0001\0008\000.\0002\000\040\000F\000u\000n\000c\000t\000i\000o\000n\000\040\000D\000o\000c\000u\000m\000e\000n\000t\000a\000t\000i\000o\000n}{section.4.18}% 344
\BOOKMARK [3][-]{subsubsection.4.18.2.1}{\376\377\0004\000.\0001\0008\000.\0002\000.\0001\000\040\000d\000e\000l\000e\000t\000e\000\137\000l\000a\000s\000t\000\137\000i\000n\000p\000u\000t\000\050\000\051}{subsection.4.18.2}% 345
\BOOKMARK [3][-]{subsubsection.4.18.2.2}{\376\377\0004\000.\0001\0008\000.\0002\000.\0002\000\040\000d\000e\000s\000t\000r\000o\000y\000\137\000s\000p\000r\000i\000t\000e\000s\000\050\000\051}{subsection.4.18.2}% 346
\BOOKMARK [3][-]{subsubsection.4.18.2.3}{\376\377\0004\000.\0001\0008\000.\0002\000.\0003\000\040\000i\000n\000s\000e\000r\000t\000\137\000n\000e\000w\000\137\000i\000n\000p\000u\000t\000\050\000\051}{subsection.4.18.2}% 347
\BOOKMARK [3][-]{subsubsection.4.18.2.4}{\376\377\0004\000.\0001\0008\000.\0002\000.\0004\000\040\000i\000s\000\137\000m\000o\000u\000s\000e\000\137\000o\000v\000e\000r\000\137\000b\000u\000t\000t\000o\000n\000\050\000\051}{subsection.4.18.2}% 348
\BOOKMARK [3][-]{subsubsection.4.18.2.5}{\376\377\0004\000.\0001\0008\000.\0002\000.\0005\000\040\000s\000e\000t\000u\000p\000\137\000s\000p\000r\000i\000t\000e\000s\000\050\000\051}{subsection.4.18.2}% 349
\BOOKMARK [3][-]{subsubsection.4.18.2.6}{\376\377\0004\000.\0001\0008\000.\0002\000.\0006\000\040\000u\000p\000d\000a\000t\000e\000\137\000c\000h\000r\000o\000n\000o\000\137\000b\000u\000t\000t\000o\000n\000s\000\050\000\051}{subsection.4.18.2}% 350
\BOOKMARK [3][-]{subsubsection.4.18.2.7}{\376\377\0004\000.\0001\0008\000.\0002\000.\0007\000\040\000u\000p\000d\000a\000t\000e\000\137\000k\000e\000y\000b\000o\000a\000r\000d\000\137\000s\000t\000a\000t\000e\000\050\000\051}{subsection.4.18.2}% 351
\BOOKMARK [3][-]{subsubsection.4.18.2.8}{\376\377\0004\000.\0001\0008\000.\0002\000.\0008\000\040\000u\000p\000d\000a\000t\000e\000\137\000m\000o\000u\000s\000e\000\137\000s\000t\000a\000t\000e\000\050\000\051}{subsection.4.18.2}% 352
\BOOKMARK [3][-]{subsubsection.4.18.2.9}{\376\377\0004\000.\0001\0008\000.\0002\000.\0009\000\040\000u\000p\000d\000a\000t\000e\000\137\000t\000i\000m\000e\000r\000\137\000b\000u\000t\000t\000o\000n\000s\000\050\000\051}{subsection.4.18.2}% 353
\BOOKMARK [3][-]{subsubsection.4.18.2.10}{\376\377\0004\000.\0001\0008\000.\0002\000.\0001\0000\000\040\000u\000p\000d\000a\000t\000e\000\137\000t\000i\000m\000e\000r\000\137\000s\000t\000a\000t\000e\000\050\000\051}{subsection.4.18.2}% 354
\BOOKMARK [3][-]{subsubsection.4.18.2.11}{\376\377\0004\000.\0001\0008\000.\0002\000.\0001\0001\000\040\000u\000p\000d\000a\000t\000e\000\137\000t\000o\000o\000l\000b\000a\000r\000\137\000b\000u\000t\000t\000o\000n\000s\000\050\000\051}{subsection.4.18.2}% 355
\BOOKMARK [2][-]{subsection.4.18.3}{\376\377\0004\000.\0001\0008\000.\0003\000\040\000V\000a\000r\000i\000a\000b\000l\000e\000\040\000D\000o\000c\000u\000m\000e\000n\000t\000a\000t\000i\000o\000n}{section.4.18}% 356
\BOOKMARK [3][-]{subsubsection.4.18.3.1}{\376\377\0004\000.\0001\0008\000.\0003\000.\0001\000\040\000b\000l\000o\000c\000k}{subsection.4.18.3}% 357
\BOOKMARK [3][-]{subsubsection.4.18.3.2}{\376\377\0004\000.\0001\0008\000.\0003\000.\0002\000\040\000c\000h\000r\000o\000n\000o\000\137\000b\000u\000t\000t\000o\000n\000s}{subsection.4.18.3}% 358
\BOOKMARK [3][-]{subsubsection.4.18.3.3}{\376\377\0004\000.\0001\0008\000.\0003\000.\0003\000\040\000c\000h\000r\000o\000n\000o\000\137\000s\000e\000c\000o\000n\000d\000s}{subsection.4.18.3}% 359
\BOOKMARK [3][-]{subsubsection.4.18.3.4}{\376\377\0004\000.\0001\0008\000.\0003\000.\0004\000\040\000c\000h\000r\000o\000n\000o\000S\000t\000a\000t\000e}{subsection.4.18.3}% 360
\BOOKMARK [3][-]{subsubsection.4.18.3.5}{\376\377\0004\000.\0001\0008\000.\0003\000.\0005\000\040\000c\000o\000l\000o\000n}{subsection.4.18.3}% 361
\BOOKMARK [3][-]{subsubsection.4.18.3.6}{\376\377\0004\000.\0001\0008\000.\0003\000.\0006\000\040\000d\000a\000y\000s\000\137\000o\000f\000\137\000w\000e\000e\000k}{subsection.4.18.3}% 362
\BOOKMARK [3][-]{subsubsection.4.18.3.7}{\376\377\0004\000.\0001\0008\000.\0003\000.\0007\000\040\000d\000i\000g\000i\000t\000s}{subsection.4.18.3}% 363
\BOOKMARK [3][-]{subsubsection.4.18.3.8}{\376\377\0004\000.\0001\0008\000.\0003\000.\0008\000\040\000m\000e\000n\000u\000S\000t\000a\000t\000e}{subsection.4.18.3}% 364
\BOOKMARK [3][-]{subsubsection.4.18.3.9}{\376\377\0004\000.\0001\0008\000.\0003\000.\0009\000\040\000m\000o\000u\000s\000e}{subsection.4.18.3}% 365
\BOOKMARK [3][-]{subsubsection.4.18.3.10}{\376\377\0004\000.\0001\0008\000.\0003\000.\0001\0000\000\040\000s\000l\000a\000s\000h}{subsection.4.18.3}% 366
\BOOKMARK [3][-]{subsubsection.4.18.3.11}{\376\377\0004\000.\0001\0008\000.\0003\000.\0001\0001\000\040\000s\000y\000s\000t\000e\000m\000S\000t\000a\000t\000e}{subsection.4.18.3}% 367
\BOOKMARK [3][-]{subsubsection.4.18.3.12}{\376\377\0004\000.\0001\0008\000.\0003\000.\0001\0002\000\040\000t\000i\000m\000e\000r\000\137\000i\000n\000p\000u\000t}{subsection.4.18.3}% 368
\BOOKMARK [3][-]{subsubsection.4.18.3.13}{\376\377\0004\000.\0001\0008\000.\0003\000.\0001\0003\000\040\000t\000i\000m\000e\000r\000\137\000i\000n\000p\000u\000t\000\137\000l\000e\000n\000g\000t\000h}{subsection.4.18.3}% 369
\BOOKMARK [3][-]{subsubsection.4.18.3.14}{\376\377\0004\000.\0001\0008\000.\0003\000.\0001\0004\000\040\000t\000i\000m\000e\000r\000\137\000s\000e\000c\000o\000n\000d\000s}{subsection.4.18.3}% 370
\BOOKMARK [3][-]{subsubsection.4.18.3.15}{\376\377\0004\000.\0001\0008\000.\0003\000.\0001\0005\000\040\000t\000i\000m\000e\000r\000S\000t\000a\000t\000e}{subsection.4.18.3}% 371
\BOOKMARK [3][-]{subsubsection.4.18.3.16}{\376\377\0004\000.\0001\0008\000.\0003\000.\0001\0006\000\040\000t\000o\000o\000l\000b\000a\000r\000\137\000b\000u\000t\000t\000o\000n\000s}{subsection.4.18.3}% 372
\BOOKMARK [1][-]{section.4.19}{\376\377\0004\000.\0001\0009\000\040\000/\000h\000o\000m\000e\000/\000n\000e\000v\000e\000s\000/\000r\000e\000p\000s\000/\000L\000C\000O\000M\000/\000s\000h\000a\000r\000e\000d\000/\000p\000r\000o\000j\000/\000s\000r\000c\000/\000m\000o\000d\000e\000l\000/\000s\000p\000r\000i\000t\000e\000.\000c\000\040\000F\000i\000l\000e\000\040\000R\000e\000f\000e\000r\000e\000n\000c\000e}{chapter.4}% 373
\BOOKMARK [2][-]{subsection.4.19.1}{\376\377\0004\000.\0001\0009\000.\0001\000\040\000F\000u\000n\000c\000t\000i\000o\000n\000\040\000D\000o\000c\000u\000m\000e\000n\000t\000a\000t\000i\000o\000n}{section.4.19}% 374
\BOOKMARK [3][-]{subsubsection.4.19.1.1}{\376\377\0004\000.\0001\0009\000.\0001\000.\0001\000\040\000c\000r\000e\000a\000t\000e\000\137\000s\000p\000r\000i\000t\000e\000\137\000b\000u\000t\000t\000o\000n\000\050\000\051}{subsection.4.19.1}% 375
\BOOKMARK [3][-]{subsubsection.4.19.1.2}{\376\377\0004\000.\0001\0009\000.\0001\000.\0002\000\040\000c\000r\000e\000a\000t\000e\000\137\000s\000p\000r\000i\000t\000e\000\137\000x\000p\000m\000\050\000\051}{subsection.4.19.1}% 376
\BOOKMARK [3][-]{subsubsection.4.19.1.3}{\376\377\0004\000.\0001\0009\000.\0001\000.\0003\000\040\000d\000e\000s\000t\000r\000o\000y\000\137\000s\000p\000r\000i\000t\000e\000\050\000\051}{subsection.4.19.1}% 377
\BOOKMARK [1][-]{section.4.20}{\376\377\0004\000.\0002\0000\000\040\000/\000h\000o\000m\000e\000/\000n\000e\000v\000e\000s\000/\000r\000e\000p\000s\000/\000L\000C\000O\000M\000/\000s\000h\000a\000r\000e\000d\000/\000p\000r\000o\000j\000/\000s\000r\000c\000/\000m\000o\000d\000e\000l\000/\000s\000p\000r\000i\000t\000e\000.\000h\000\040\000F\000i\000l\000e\000\040\000R\000e\000f\000e\000r\000e\000n\000c\000e}{chapter.4}% 378
\BOOKMARK [2][-]{subsection.4.20.1}{\376\377\0004\000.\0002\0000\000.\0001\000\040\000F\000u\000n\000c\000t\000i\000o\000n\000\040\000D\000o\000c\000u\000m\000e\000n\000t\000a\000t\000i\000o\000n}{section.4.20}% 379
\BOOKMARK [3][-]{subsubsection.4.20.1.1}{\376\377\0004\000.\0002\0000\000.\0001\000.\0001\000\040\000c\000r\000e\000a\000t\000e\000\137\000s\000p\000r\000i\000t\000e\000\137\000b\000u\000t\000t\000o\000n\000\050\000\051}{subsection.4.20.1}% 380
\BOOKMARK [3][-]{subsubsection.4.20.1.2}{\376\377\0004\000.\0002\0000\000.\0001\000.\0002\000\040\000c\000r\000e\000a\000t\000e\000\137\000s\000p\000r\000i\000t\000e\000\137\000x\000p\000m\000\050\000\051}{subsection.4.20.1}% 381
\BOOKMARK [3][-]{subsubsection.4.20.1.3}{\376\377\0004\000.\0002\0000\000.\0001\000.\0003\000\040\000d\000e\000s\000t\000r\000o\000y\000\137\000s\000p\000r\000i\000t\000e\000\050\000\051}{subsection.4.20.1}% 382
\BOOKMARK [1][-]{section.4.21}{\376\377\0004\000.\0002\0001\000\040\000/\000h\000o\000m\000e\000/\000n\000e\000v\000e\000s\000/\000r\000e\000p\000s\000/\000L\000C\000O\000M\000/\000s\000h\000a\000r\000e\000d\000/\000p\000r\000o\000j\000/\000s\000r\000c\000/\000v\000i\000e\000w\000/\000v\000i\000e\000w\000.\000c\000\040\000F\000i\000l\000e\000\040\000R\000e\000f\000e\000r\000e\000n\000c\000e}{chapter.4}% 383
\BOOKMARK [2][-]{subsection.4.21.1}{\376\377\0004\000.\0002\0001\000.\0001\000\040\000F\000u\000n\000c\000t\000i\000o\000n\000\040\000D\000o\000c\000u\000m\000e\000n\000t\000a\000t\000i\000o\000n}{section.4.21}% 384
\BOOKMARK [3][-]{subsubsection.4.21.1.1}{\376\377\0004\000.\0002\0001\000.\0001\000.\0001\000\040\000d\000i\000s\000p\000l\000a\000y\000\137\000r\000e\000a\000l\000\137\000t\000i\000m\000e\000\050\000\051}{subsection.4.21.1}% 385
\BOOKMARK [3][-]{subsubsection.4.21.1.2}{\376\377\0004\000.\0002\0001\000.\0001\000.\0002\000\040\000d\000r\000a\000w\000\137\000b\000l\000o\000c\000k\000s\000\050\000\051}{subsection.4.21.1}% 386
\BOOKMARK [3][-]{subsubsection.4.21.1.3}{\376\377\0004\000.\0002\0001\000.\0001\000.\0003\000\040\000d\000r\000a\000w\000\137\000c\000h\000r\000o\000n\000o\000\137\000b\000u\000t\000t\000o\000n\000s\000\050\000\051}{subsection.4.21.1}% 387
\BOOKMARK [3][-]{subsubsection.4.21.1.4}{\376\377\0004\000.\0002\0001\000.\0001\000.\0004\000\040\000d\000r\000a\000w\000\137\000c\000h\000r\000o\000n\000o\000\137\000m\000e\000n\000u\000\050\000\051}{subsection.4.21.1}% 388
\BOOKMARK [3][-]{subsubsection.4.21.1.5}{\376\377\0004\000.\0002\0001\000.\0001\000.\0005\000\040\000d\000r\000a\000w\000\137\000m\000o\000u\000s\000e\000\050\000\051}{subsection.4.21.1}% 389
\BOOKMARK [3][-]{subsubsection.4.21.1.6}{\376\377\0004\000.\0002\0001\000.\0001\000.\0006\000\040\000d\000r\000a\000w\000\137\000n\000e\000w\000\137\000f\000r\000a\000m\000e\000\050\000\051}{subsection.4.21.1}% 390
\BOOKMARK [3][-]{subsubsection.4.21.1.7}{\376\377\0004\000.\0002\0001\000.\0001\000.\0007\000\040\000d\000r\000a\000w\000\137\000s\000p\000r\000i\000t\000e\000\137\000b\000u\000t\000t\000o\000n\000\050\000\051}{subsection.4.21.1}% 391
\BOOKMARK [3][-]{subsubsection.4.21.1.8}{\376\377\0004\000.\0002\0001\000.\0001\000.\0008\000\040\000d\000r\000a\000w\000\137\000s\000p\000r\000i\000t\000e\000\137\000x\000p\000m\000\050\000\051}{subsection.4.21.1}% 392
\BOOKMARK [3][-]{subsubsection.4.21.1.9}{\376\377\0004\000.\0002\0001\000.\0001\000.\0009\000\040\000d\000r\000a\000w\000\137\000t\000i\000m\000e\000\050\000\051}{subsection.4.21.1}% 393
\BOOKMARK [3][-]{subsubsection.4.21.1.10}{\376\377\0004\000.\0002\0001\000.\0001\000.\0001\0000\000\040\000d\000r\000a\000w\000\137\000t\000i\000m\000e\000r\000\137\000i\000n\000p\000u\000t\000\050\000\051}{subsection.4.21.1}% 394
\BOOKMARK [3][-]{subsubsection.4.21.1.11}{\376\377\0004\000.\0002\0001\000.\0001\000.\0001\0001\000\040\000d\000r\000a\000w\000\137\000t\000i\000m\000e\000r\000\137\000m\000e\000n\000u\000\050\000\051}{subsection.4.21.1}% 395
\BOOKMARK [3][-]{subsubsection.4.21.1.12}{\376\377\0004\000.\0002\0001\000.\0001\000.\0001\0002\000\040\000d\000r\000a\000w\000\137\000t\000o\000o\000l\000b\000a\000r\000\050\000\051}{subsection.4.21.1}% 396
\BOOKMARK [3][-]{subsubsection.4.21.1.13}{\376\377\0004\000.\0002\0001\000.\0001\000.\0001\0003\000\040\000s\000e\000t\000\137\000f\000r\000a\000m\000e\000\137\000b\000u\000f\000f\000e\000r\000s\000\050\000\051}{subsection.4.21.1}% 397
\BOOKMARK [3][-]{subsubsection.4.21.1.14}{\376\377\0004\000.\0002\0001\000.\0001\000.\0001\0004\000\040\000s\000w\000a\000p\000\137\000b\000u\000f\000f\000e\000r\000s\000\050\000\051}{subsection.4.21.1}% 398
\BOOKMARK [2][-]{subsection.4.21.2}{\376\377\0004\000.\0002\0001\000.\0002\000\040\000V\000a\000r\000i\000a\000b\000l\000e\000\040\000D\000o\000c\000u\000m\000e\000n\000t\000a\000t\000i\000o\000n}{section.4.21}% 399
\BOOKMARK [3][-]{subsubsection.4.21.2.1}{\376\377\0004\000.\0002\0001\000.\0002\000.\0001\000\040\000d\000r\000a\000w\000i\000n\000g\000\137\000f\000r\000a\000m\000e\000\137\000b\000u\000f\000f\000e\000r}{subsection.4.21.2}% 400
\BOOKMARK [3][-]{subsubsection.4.21.2.2}{\376\377\0004\000.\0002\0001\000.\0002\000.\0002\000\040\000f\000r\000a\000m\000e\000\137\000b\000u\000f\000f\000e\000r\000\137\000s\000i\000z\000e}{subsection.4.21.2}% 401
\BOOKMARK [3][-]{subsubsection.4.21.2.3}{\376\377\0004\000.\0002\0001\000.\0002\000.\0003\000\040\000m\000a\000i\000n\000\137\000f\000r\000a\000m\000e\000\137\000b\000u\000f\000f\000e\000r}{subsection.4.21.2}% 402
\BOOKMARK [3][-]{subsubsection.4.21.2.4}{\376\377\0004\000.\0002\0001\000.\0002\000.\0004\000\040\000m\000o\000u\000s\000e\000\137\000i\000n\000f\000o}{subsection.4.21.2}% 403
\BOOKMARK [3][-]{subsubsection.4.21.2.5}{\376\377\0004\000.\0002\0001\000.\0002\000.\0005\000\040\000r\000t\000c\000\137\000d\000a\000t\000e}{subsection.4.21.2}% 404
\BOOKMARK [3][-]{subsubsection.4.21.2.6}{\376\377\0004\000.\0002\0001\000.\0002\000.\0006\000\040\000r\000t\000c\000\137\000t\000i\000m\000e}{subsection.4.21.2}% 405
\BOOKMARK [3][-]{subsubsection.4.21.2.7}{\376\377\0004\000.\0002\0001\000.\0002\000.\0007\000\040\000s\000e\000c\000o\000n\000d\000a\000r\000y\000\137\000f\000r\000a\000m\000e\000\137\000b\000u\000f\000f\000e\000r}{subsection.4.21.2}% 406
\BOOKMARK [3][-]{subsubsection.4.21.2.8}{\376\377\0004\000.\0002\0001\000.\0002\000.\0008\000\040\000v\000b\000e\000\137\000i\000n\000f\000o}{subsection.4.21.2}% 407
\BOOKMARK [1][-]{section.4.22}{\376\377\0004\000.\0002\0002\000\040\000/\000h\000o\000m\000e\000/\000n\000e\000v\000e\000s\000/\000r\000e\000p\000s\000/\000L\000C\000O\000M\000/\000s\000h\000a\000r\000e\000d\000/\000p\000r\000o\000j\000/\000s\000r\000c\000/\000v\000i\000e\000w\000/\000v\000i\000e\000w\000.\000h\000\040\000F\000i\000l\000e\000\040\000R\000e\000f\000e\000r\000e\000n\000c\000e}{chapter.4}% 408
\BOOKMARK [2][-]{subsection.4.22.1}{\376\377\0004\000.\0002\0002\000.\0001\000\040\000F\000u\000n\000c\000t\000i\000o\000n\000\040\000D\000o\000c\000u\000m\000e\000n\000t\000a\000t\000i\000o\000n}{section.4.22}% 409
\BOOKMARK [3][-]{subsubsection.4.22.1.1}{\376\377\0004\000.\0002\0002\000.\0001\000.\0001\000\040\000d\000i\000s\000p\000l\000a\000y\000\137\000r\000e\000a\000l\000\137\000t\000i\000m\000e\000\050\000\051}{subsection.4.22.1}% 410
\BOOKMARK [3][-]{subsubsection.4.22.1.2}{\376\377\0004\000.\0002\0002\000.\0001\000.\0002\000\040\000d\000r\000a\000w\000\137\000b\000l\000o\000c\000k\000s\000\050\000\051}{subsection.4.22.1}% 411
\BOOKMARK [3][-]{subsubsection.4.22.1.3}{\376\377\0004\000.\0002\0002\000.\0001\000.\0003\000\040\000d\000r\000a\000w\000\137\000c\000h\000r\000o\000n\000o\000\137\000b\000u\000t\000t\000o\000n\000s\000\050\000\051}{subsection.4.22.1}% 412
\BOOKMARK [3][-]{subsubsection.4.22.1.4}{\376\377\0004\000.\0002\0002\000.\0001\000.\0004\000\040\000d\000r\000a\000w\000\137\000c\000h\000r\000o\000n\000o\000\137\000m\000e\000n\000u\000\050\000\051}{subsection.4.22.1}% 413
\BOOKMARK [3][-]{subsubsection.4.22.1.5}{\376\377\0004\000.\0002\0002\000.\0001\000.\0005\000\040\000d\000r\000a\000w\000\137\000m\000o\000u\000s\000e\000\050\000\051}{subsection.4.22.1}% 414
\BOOKMARK [3][-]{subsubsection.4.22.1.6}{\376\377\0004\000.\0002\0002\000.\0001\000.\0006\000\040\000d\000r\000a\000w\000\137\000n\000e\000w\000\137\000f\000r\000a\000m\000e\000\050\000\051}{subsection.4.22.1}% 415
\BOOKMARK [3][-]{subsubsection.4.22.1.7}{\376\377\0004\000.\0002\0002\000.\0001\000.\0007\000\040\000d\000r\000a\000w\000\137\000s\000p\000r\000i\000t\000e\000\137\000b\000u\000t\000t\000o\000n\000\050\000\051}{subsection.4.22.1}% 416
\BOOKMARK [3][-]{subsubsection.4.22.1.8}{\376\377\0004\000.\0002\0002\000.\0001\000.\0008\000\040\000d\000r\000a\000w\000\137\000s\000p\000r\000i\000t\000e\000\137\000x\000p\000m\000\050\000\051}{subsection.4.22.1}% 417
\BOOKMARK [3][-]{subsubsection.4.22.1.9}{\376\377\0004\000.\0002\0002\000.\0001\000.\0009\000\040\000d\000r\000a\000w\000\137\000t\000i\000m\000e\000\050\000\051}{subsection.4.22.1}% 418
\BOOKMARK [3][-]{subsubsection.4.22.1.10}{\376\377\0004\000.\0002\0002\000.\0001\000.\0001\0000\000\040\000d\000r\000a\000w\000\137\000t\000i\000m\000e\000r\000\050\000\051}{subsection.4.22.1}% 419
\BOOKMARK [3][-]{subsubsection.4.22.1.11}{\376\377\0004\000.\0002\0002\000.\0001\000.\0001\0001\000\040\000d\000r\000a\000w\000\137\000t\000i\000m\000e\000r\000\137\000i\000n\000p\000u\000t\000\050\000\051}{subsection.4.22.1}% 420
\BOOKMARK [3][-]{subsubsection.4.22.1.12}{\376\377\0004\000.\0002\0002\000.\0001\000.\0001\0002\000\040\000d\000r\000a\000w\000\137\000t\000i\000m\000e\000r\000\137\000m\000e\000n\000u\000\050\000\051}{subsection.4.22.1}% 421
\BOOKMARK [3][-]{subsubsection.4.22.1.13}{\376\377\0004\000.\0002\0002\000.\0001\000.\0001\0003\000\040\000d\000r\000a\000w\000\137\000t\000o\000o\000l\000b\000a\000r\000\050\000\051}{subsection.4.22.1}% 422
\BOOKMARK [3][-]{subsubsection.4.22.1.14}{\376\377\0004\000.\0002\0002\000.\0001\000.\0001\0004\000\040\000s\000e\000t\000\137\000f\000r\000a\000m\000e\000\137\000b\000u\000f\000f\000e\000r\000s\000\050\000\051}{subsection.4.22.1}% 423
\BOOKMARK [3][-]{subsubsection.4.22.1.15}{\376\377\0004\000.\0002\0002\000.\0001\000.\0001\0005\000\040\000s\000w\000a\000p\000\137\000b\000u\000f\000f\000e\000r\000s\000\050\000\051}{subsection.4.22.1}% 424
\BOOKMARK [2][-]{subsection.4.22.2}{\376\377\0004\000.\0002\0002\000.\0002\000\040\000V\000a\000r\000i\000a\000b\000l\000e\000\040\000D\000o\000c\000u\000m\000e\000n\000t\000a\000t\000i\000o\000n}{section.4.22}% 425
\BOOKMARK [3][-]{subsubsection.4.22.2.1}{\376\377\0004\000.\0002\0002\000.\0002\000.\0001\000\040\000d\000r\000a\000w\000i\000n\000g\000\137\000f\000r\000a\000m\000e\000\137\000b\000u\000f\000f\000e\000r}{subsection.4.22.2}% 426
\BOOKMARK [3][-]{subsubsection.4.22.2.2}{\376\377\0004\000.\0002\0002\000.\0002\000.\0002\000\040\000m\000a\000i\000n\000\137\000f\000r\000a\000m\000e\000\137\000b\000u\000f\000f\000e\000r}{subsection.4.22.2}% 427
\BOOKMARK [0][-]{section*.45}{\376\377\000I\000n\000d\000e\000x}{}% 428
